[0.035s] Invoking command in '/workspaces/ros2-devcontainer-example-ws/build/ros2_shared': CMAKE_PREFIX_PATH=${CMAKE_PREFIX_PATH}:/workspaces/ros2-devcontainer-example-ws/install/radar_reader:/opt/ros/jazzy /usr/bin/cmake --build /workspaces/ros2-devcontainer-example-ws/build/ros2_shared -- -j4 -l4
[0.378s] Invoked command in '/workspaces/ros2-devcontainer-example-ws/build/ros2_shared' returned '0': CMAKE_PREFIX_PATH=${CMAKE_PREFIX_PATH}:/workspaces/ros2-devcontainer-example-ws/install/radar_reader:/opt/ros/jazzy /usr/bin/cmake --build /workspaces/ros2-devcontainer-example-ws/build/ros2_shared -- -j4 -l4
[0.396s] Invoking command in '/workspaces/ros2-devcontainer-example-ws/build/ros2_shared': CMAKE_PREFIX_PATH=${CMAKE_PREFIX_PATH}:/workspaces/ros2-devcontainer-example-ws/install/radar_reader:/opt/ros/jazzy /usr/bin/cmake --install /workspaces/ros2-devcontainer-example-ws/build/ros2_shared
[0.411s] -- Install configuration: ""
[0.417s] -- Up-to-date: /workspaces/ros2-devcontainer-example-ws/install/ros2_shared/include
[0.418s] -- Up-to-date: /workspaces/ros2-devcontainer-example-ws/install/ros2_shared/include/ros2_shared
[0.419s] -- Up-to-date: /workspaces/ros2-devcontainer-example-ws/install/ros2_shared/include/ros2_shared/string_printf.hpp
[0.419s] -- Up-to-date: /workspaces/ros2-devcontainer-example-ws/install/ros2_shared/include/ros2_shared/param_macros.hpp
[0.419s] -- Up-to-date: /workspaces/ros2-devcontainer-example-ws/install/ros2_shared/include/ros2_shared/context_macros.hpp
[0.419s] -- Up-to-date: /workspaces/ros2-devcontainer-example-ws/install/ros2_shared/share/ament_index/resource_index/package_run_dependencies/ros2_shared
[0.420s] -- Up-to-date: /workspaces/ros2-devcontainer-example-ws/install/ros2_shared/share/ament_index/resource_index/parent_prefix_path/ros2_shared
[0.420s] -- Up-to-date: /workspaces/ros2-devcontainer-example-ws/install/ros2_shared/share/ros2_shared/environment/ament_prefix_path.sh
[0.420s] -- Up-to-date: /workspaces/ros2-devcontainer-example-ws/install/ros2_shared/share/ros2_shared/environment/ament_prefix_path.dsv
[0.420s] -- Up-to-date: /workspaces/ros2-devcontainer-example-ws/install/ros2_shared/share/ros2_shared/environment/path.sh
[0.420s] -- Up-to-date: /workspaces/ros2-devcontainer-example-ws/install/ros2_shared/share/ros2_shared/environment/path.dsv
[0.420s] -- Up-to-date: /workspaces/ros2-devcontainer-example-ws/install/ros2_shared/share/ros2_shared/local_setup.bash
[0.421s] -- Up-to-date: /workspaces/ros2-devcontainer-example-ws/install/ros2_shared/share/ros2_shared/local_setup.sh
[0.423s] -- Up-to-date: /workspaces/ros2-devcontainer-example-ws/install/ros2_shared/share/ros2_shared/local_setup.zsh
[0.423s] -- Up-to-date: /workspaces/ros2-devcontainer-example-ws/install/ros2_shared/share/ros2_shared/local_setup.dsv
[0.423s] -- Installing: /workspaces/ros2-devcontainer-example-ws/install/ros2_shared/share/ros2_shared/package.dsv
[0.425s] -- Up-to-date: /workspaces/ros2-devcontainer-example-ws/install/ros2_shared/share/ament_index/resource_index/packages/ros2_shared
[0.425s] -- Up-to-date: /workspaces/ros2-devcontainer-example-ws/install/ros2_shared/share/ros2_shared/cmake/ros2_shared_targetsExport.cmake
[0.426s] -- Up-to-date: /workspaces/ros2-devcontainer-example-ws/install/ros2_shared/share/ros2_shared/cmake/ament_cmake_export_targets-extras.cmake
[0.426s] -- Up-to-date: /workspaces/ros2-devcontainer-example-ws/install/ros2_shared/share/ros2_shared/cmake/ament_cmake_export_dependencies-extras.cmake
[0.426s] -- Up-to-date: /workspaces/ros2-devcontainer-example-ws/install/ros2_shared/share/ros2_shared/cmake/ros2_sharedConfig.cmake
[0.426s] -- Up-to-date: /workspaces/ros2-devcontainer-example-ws/install/ros2_shared/share/ros2_shared/cmake/ros2_sharedConfig-version.cmake
[0.426s] -- Up-to-date: /workspaces/ros2-devcontainer-example-ws/install/ros2_shared/share/ros2_shared/package.xml
[0.433s] Invoked command in '/workspaces/ros2-devcontainer-example-ws/build/ros2_shared' returned '0': CMAKE_PREFIX_PATH=${CMAKE_PREFIX_PATH}:/workspaces/ros2-devcontainer-example-ws/install/radar_reader:/opt/ros/jazzy /usr/bin/cmake --install /workspaces/ros2-devcontainer-example-ws/build/ros2_shared
