[0.016s] Invoking command in '/workspaces/ros2-devcontainer-example-ws/build/gscam2': CMAKE_PREFIX_PATH=/workspaces/ros2-devcontainer-example-ws/install/ros2_shared:/workspaces/ros2-devcontainer-example-ws/install/gscam2:/opt/ros/jazzy/opt/gz_math_vendor:/opt/ros/jazzy/opt/gz_utils_vendor:/opt/ros/jazzy/opt/gz_cmake_vendor:/workspaces/ros2-devcontainer-example-ws/install/radar_reader:/opt/ros/jazzy /usr/bin/cmake /workspaces/ros2-devcontainer-example-ws/src/gscam2 -DCMAKE_INSTALL_PREFIX=/workspaces/ros2-devcontainer-example-ws/install/gscam2
[0.150s] -- The C compiler identification is GNU 13.2.0
[0.236s] -- The CXX compiler identification is GNU 13.2.0
[0.257s] -- Detecting C compiler ABI info
[0.382s] -- Detecting C compiler ABI info - done
[0.396s] -- Check for working C compiler: /usr/bin/cc - skipped
[0.396s] -- Detecting C compile features
[0.397s] -- Detecting C compile features - done
[0.417s] -- Detecting CXX compiler ABI info
[0.540s] -- Detecting CXX compiler ABI info - done
[0.555s] -- Check for working CXX compiler: /usr/bin/c++ - skipped
[0.555s] -- Detecting CXX compile features
[0.556s] -- Detecting CXX compile features - done
[0.564s] -- Found PkgConfig: /usr/bin/pkg-config (found version "1.8.1") 
[0.565s] -- Checking for module 'gstreamer-1.0'
[0.582s] --   Found gstreamer-1.0, version 1.24.2
[0.631s] -- Checking for module 'gstreamer-app-1.0'
[0.649s] --   Found gstreamer-app-1.0, version 1.24.2
[0.702s] -- Found ament_cmake: 2.5.2 (/opt/ros/jazzy/share/ament_cmake/cmake)
[0.893s] -- Found Python3: /usr/bin/python3 (found version "3.12.3") found components: Interpreter 
[1.037s] -- Found camera_calibration_parsers: 5.1.4 (/opt/ros/jazzy/share/camera_calibration_parsers/cmake)
[1.090s] -- Found rosidl_generator_c: 4.6.4 (/opt/ros/jazzy/share/rosidl_generator_c/cmake)
[1.108s] -- Found rosidl_generator_cpp: 4.6.4 (/opt/ros/jazzy/share/rosidl_generator_cpp/cmake)
[1.130s] -- Using all available rosidl_typesupport_c: rosidl_typesupport_fastrtps_c;rosidl_typesupport_introspection_c
[1.156s] -- Using all available rosidl_typesupport_cpp: rosidl_typesupport_fastrtps_cpp;rosidl_typesupport_introspection_cpp
[1.264s] -- Found rmw_implementation_cmake: 7.3.1 (/opt/ros/jazzy/share/rmw_implementation_cmake/cmake)
[1.268s] -- Found rmw_cyclonedds_cpp: 2.2.2 (/opt/ros/jazzy/share/rmw_cyclonedds_cpp/cmake)
[1.305s] -- Using RMW implementation 'rmw_cyclonedds_cpp' as default
[1.487s] -- Setting yaml-cpp_DIR to: '/opt/ros/jazzy/share/yaml_cpp_vendor/cmake/../../../opt/yaml_cpp_vendor/share/cmake/yaml-cpp'
[1.490s] -- Found camera_info_manager: 5.1.4 (/opt/ros/jazzy/share/camera_info_manager/cmake)
[1.583s] -- Found class_loader: 2.7.0 (/opt/ros/jazzy/share/class_loader/cmake)
[1.604s] -- Found rclcpp_components: 28.1.5 (/opt/ros/jazzy/share/rclcpp_components/cmake)
[1.654s] -- Found rclpy: 7.1.2 (/opt/ros/jazzy/share/rclpy/cmake)
[1.654s] -- Found ros2_shared: 0.1.0 (/workspaces/ros2-devcontainer-example-ws/install/ros2_shared/share/ros2_shared/cmake)
[1.660s] -- Found ament_lint_auto: 0.17.1 (/opt/ros/jazzy/share/ament_lint_auto/cmake)
[1.814s] -- Found gtest sources under '/opt/ros/jazzy/src/gtest_vendor': C++ tests using 'Google Test' will be built
[1.818s] -- Performing Test CMAKE_HAVE_LIBC_PTHREAD
[1.984s] -- Performing Test CMAKE_HAVE_LIBC_PTHREAD - Success
[1.986s] -- Found Threads: TRUE  
[2.001s] -- Added test 'cppcheck' to perform static code analysis on C / C++ code
[2.002s] -- Configured cppcheck include dirs: $<BUILD_INTERFACE:/workspaces/ros2-devcontainer-example-ws/src/gscam2/include>
[2.002s] -- Configured cppcheck exclude dirs and/or files: 
[2.004s] -- Added test 'flake8' to check Python code syntax and style conventions
[2.004s] -- Configured 'flake8' exclude dirs and/or files: 
[2.008s] -- Added test 'lint_cmake' to check CMake code style
[2.009s] -- Added test 'pep257' to check Python code against some of the docstring style conventions in PEP 257
[2.015s] -- Added test 'uncrustify' to check C / C++ code style
[2.016s] -- Configured uncrustify additional arguments: 
[2.017s] -- Added test 'xmllint' to check XML markup files
[2.023s] -- Configuring done (2.0s)
[2.094s] -- Generating done (0.0s)
[2.115s] -- Build files have been written to: /workspaces/ros2-devcontainer-example-ws/build/gscam2
[2.132s] Invoked command in '/workspaces/ros2-devcontainer-example-ws/build/gscam2' returned '0': CMAKE_PREFIX_PATH=/workspaces/ros2-devcontainer-example-ws/install/ros2_shared:/workspaces/ros2-devcontainer-example-ws/install/gscam2:/opt/ros/jazzy/opt/gz_math_vendor:/opt/ros/jazzy/opt/gz_utils_vendor:/opt/ros/jazzy/opt/gz_cmake_vendor:/workspaces/ros2-devcontainer-example-ws/install/radar_reader:/opt/ros/jazzy /usr/bin/cmake /workspaces/ros2-devcontainer-example-ws/src/gscam2 -DCMAKE_INSTALL_PREFIX=/workspaces/ros2-devcontainer-example-ws/install/gscam2
[2.133s] Invoking command in '/workspaces/ros2-devcontainer-example-ws/build/gscam2': CMAKE_PREFIX_PATH=/workspaces/ros2-devcontainer-example-ws/install/ros2_shared:/workspaces/ros2-devcontainer-example-ws/install/gscam2:/opt/ros/jazzy/opt/gz_math_vendor:/opt/ros/jazzy/opt/gz_utils_vendor:/opt/ros/jazzy/opt/gz_cmake_vendor:/workspaces/ros2-devcontainer-example-ws/install/radar_reader:/opt/ros/jazzy /usr/bin/cmake --build /workspaces/ros2-devcontainer-example-ws/build/gscam2 -- -j4 -l4
[2.218s] [  7%] Building CXX object gtest/CMakeFiles/gtest_main.dir/src/gtest_main.cc.o
[2.219s] [ 14%] Building CXX object gtest/CMakeFiles/gtest.dir/src/gtest-all.cc.o
[2.223s] [ 21%] Building CXX object CMakeFiles/gscam_node.dir/src/gscam_node.cpp.o
[2.224s] [ 28%] Building CXX object CMakeFiles/subscriber_node.dir/src/subscriber_node.cpp.o
[4.184s] [ 35%] Linking CXX static library libgtest_main.a
[4.266s] [ 35%] Built target gtest_main
