[  7%] [32mBuilding CXX object CMakeFiles/gscam_node.dir/src/gscam_node.cpp.o[0m
[ 14%] [32m[1mLinking CXX shared library libgscam_node.so[0m
[ 14%] Built target gscam_node
[ 21%] [32mBuilding CXX object gtest/CMakeFiles/gtest.dir/src/gtest-all.cc.o[0m
[ 28%] [32m[1mLinking CXX static library libgtest.a[0m
[ 28%] Built target gtest
[ 35%] [32mBuilding CXX object CMakeFiles/gscam_main.dir/src/gscam_main.cpp.o[0m
[ 42%] [32m[1mLinking CXX executable gscam_main[0m
[ 42%] Built target gscam_main
[ 57%] Built target gtest_main
[ 64%] [32mBuilding CXX object CMakeFiles/subscriber_node.dir/src/subscriber_node.cpp.o[0m
[ 71%] [32m[1mLinking CXX shared library libsubscriber_node.so[0m
[ 71%] Built target subscriber_node
[ 78%] [32mBuilding CXX object CMakeFiles/smoke_test.dir/test/smoke_test.cpp.o[0m
[ 85%] [32mBuilding CXX object CMakeFiles/ipc_test_main.dir/src/ipc_test_main.cpp.o[0m
[ 92%] [32m[1mLinking CXX executable ipc_test_main[0m
[ 92%] Built target ipc_test_main
[100%] [32m[1mLinking CXX executable smoke_test[0m
[100%] Built target smoke_test
-- Install configuration: ""
-- Installing: /workspaces/ros2-devcontainer-example-ws/install/gscam2/include/gscam2
-- Installing: /workspaces/ros2-devcontainer-example-ws/install/gscam2/include/gscam2/gscam_node.hpp
-- Installing: /workspaces/ros2-devcontainer-example-ws/install/gscam2/include/gscam2/subscriber_node.hpp
-- Installing: /workspaces/ros2-devcontainer-example-ws/install/gscam2/lib/libgscam_node.so
-- Set non-toolchain portion of runtime path of "/workspaces/ros2-devcontainer-example-ws/install/gscam2/lib/libgscam_node.so" to ""
-- Installing: /workspaces/ros2-devcontainer-example-ws/install/gscam2/lib/libsubscriber_node.so
-- Set non-toolchain portion of runtime path of "/workspaces/ros2-devcontainer-example-ws/install/gscam2/lib/libsubscriber_node.so" to ""
-- Installing: /workspaces/ros2-devcontainer-example-ws/install/gscam2/lib/gscam2/gscam_main
-- Set non-toolchain portion of runtime path of "/workspaces/ros2-devcontainer-example-ws/install/gscam2/lib/gscam2/gscam_main" to ""
-- Installing: /workspaces/ros2-devcontainer-example-ws/install/gscam2/lib/gscam2/ipc_test_main
-- Set non-toolchain portion of runtime path of "/workspaces/ros2-devcontainer-example-ws/install/gscam2/lib/gscam2/ipc_test_main" to ""
-- Installing: /workspaces/ros2-devcontainer-example-ws/install/gscam2/share/gscam2/cfg
-- Installing: /workspaces/ros2-devcontainer-example-ws/install/gscam2/share/gscam2/cfg/my_camera.ini
-- Installing: /workspaces/ros2-devcontainer-example-ws/install/gscam2/share/gscam2/cfg/workaround_params.yaml
-- Installing: /workspaces/ros2-devcontainer-example-ws/install/gscam2/share/gscam2/cfg/params.yaml
-- Installing: /workspaces/ros2-devcontainer-example-ws/install/gscam2/share/gscam2/launch
-- Installing: /workspaces/ros2-devcontainer-example-ws/install/gscam2/share/gscam2/launch/composition_launch.py
-- Installing: /workspaces/ros2-devcontainer-example-ws/install/gscam2/share/gscam2/launch/container_param_launch.py
-- Installing: /workspaces/ros2-devcontainer-example-ws/install/gscam2/share/gscam2/launch/republish_launch.py
-- Installing: /workspaces/ros2-devcontainer-example-ws/install/gscam2/share/gscam2/launch/node_param_launch.py
-- Installing: /workspaces/ros2-devcontainer-example-ws/install/gscam2/share/gscam2/environment/library_path.sh
-- Installing: /workspaces/ros2-devcontainer-example-ws/install/gscam2/share/gscam2/environment/library_path.dsv
-- Installing: /workspaces/ros2-devcontainer-example-ws/install/gscam2/share/ament_index/resource_index/package_run_dependencies/gscam2
-- Installing: /workspaces/ros2-devcontainer-example-ws/install/gscam2/share/ament_index/resource_index/parent_prefix_path/gscam2
-- Installing: /workspaces/ros2-devcontainer-example-ws/install/gscam2/share/gscam2/environment/ament_prefix_path.sh
-- Installing: /workspaces/ros2-devcontainer-example-ws/install/gscam2/share/gscam2/environment/ament_prefix_path.dsv
-- Installing: /workspaces/ros2-devcontainer-example-ws/install/gscam2/share/gscam2/environment/path.sh
-- Installing: /workspaces/ros2-devcontainer-example-ws/install/gscam2/share/gscam2/environment/path.dsv
-- Installing: /workspaces/ros2-devcontainer-example-ws/install/gscam2/share/gscam2/local_setup.bash
-- Installing: /workspaces/ros2-devcontainer-example-ws/install/gscam2/share/gscam2/local_setup.sh
-- Installing: /workspaces/ros2-devcontainer-example-ws/install/gscam2/share/gscam2/local_setup.zsh
-- Installing: /workspaces/ros2-devcontainer-example-ws/install/gscam2/share/gscam2/local_setup.dsv
-- Installing: /workspaces/ros2-devcontainer-example-ws/install/gscam2/share/gscam2/package.dsv
-- Installing: /workspaces/ros2-devcontainer-example-ws/install/gscam2/share/ament_index/resource_index/packages/gscam2
-- Installing: /workspaces/ros2-devcontainer-example-ws/install/gscam2/share/ament_index/resource_index/rclcpp_components/gscam2
-- Installing: /workspaces/ros2-devcontainer-example-ws/install/gscam2/share/gscam2/cmake/gscam2_targetsExport.cmake
-- Installing: /workspaces/ros2-devcontainer-example-ws/install/gscam2/share/gscam2/cmake/gscam2_targetsExport-noconfig.cmake
-- Installing: /workspaces/ros2-devcontainer-example-ws/install/gscam2/share/gscam2/cmake/ament_cmake_export_targets-extras.cmake
-- Installing: /workspaces/ros2-devcontainer-example-ws/install/gscam2/share/gscam2/cmake/ament_cmake_export_dependencies-extras.cmake
-- Installing: /workspaces/ros2-devcontainer-example-ws/install/gscam2/share/gscam2/cmake/gscam2Config.cmake
-- Installing: /workspaces/ros2-devcontainer-example-ws/install/gscam2/share/gscam2/cmake/gscam2Config-version.cmake
-- Installing: /workspaces/ros2-devcontainer-example-ws/install/gscam2/share/gscam2/package.xml
