[0.017s] Invoking command in '/workspaces/ros2-devcontainer-example-ws/build/gscam2': CMAKE_PREFIX_PATH=/workspaces/ros2-devcontainer-example-ws/install/ros2_shared:/workspaces/ros2-devcontainer-example-ws/install/gscam2:/opt/ros/jazzy/opt/gz_math_vendor:/opt/ros/jazzy/opt/gz_utils_vendor:/opt/ros/jazzy/opt/gz_cmake_vendor:/workspaces/ros2-devcontainer-example-ws/install/radar_reader:/opt/ros/jazzy /usr/bin/cmake --build /workspaces/ros2-devcontainer-example-ws/build/gscam2 -- -j4 -l4
[0.196s] [ 14%] Built target gtest
[0.209s] [ 28%] Built target gtest_main
[0.221s] [ 42%] Built target gscam_node
[0.224s] [ 57%] Built target subscriber_node
[0.331s] [ 71%] Built target gscam_main
[0.347s] [ 85%] Built target ipc_test_main
[0.349s] [100%] Built target smoke_test
[0.389s] Invoked command in '/workspaces/ros2-devcontainer-example-ws/build/gscam2' returned '0': CMAKE_PREFIX_PATH=/workspaces/ros2-devcontainer-example-ws/install/ros2_shared:/workspaces/ros2-devcontainer-example-ws/install/gscam2:/opt/ros/jazzy/opt/gz_math_vendor:/opt/ros/jazzy/opt/gz_utils_vendor:/opt/ros/jazzy/opt/gz_cmake_vendor:/workspaces/ros2-devcontainer-example-ws/install/radar_reader:/opt/ros/jazzy /usr/bin/cmake --build /workspaces/ros2-devcontainer-example-ws/build/gscam2 -- -j4 -l4
[0.392s] Invoking command in '/workspaces/ros2-devcontainer-example-ws/build/gscam2': CMAKE_PREFIX_PATH=/workspaces/ros2-devcontainer-example-ws/install/ros2_shared:/workspaces/ros2-devcontainer-example-ws/install/gscam2:/opt/ros/jazzy/opt/gz_math_vendor:/opt/ros/jazzy/opt/gz_utils_vendor:/opt/ros/jazzy/opt/gz_cmake_vendor:/workspaces/ros2-devcontainer-example-ws/install/radar_reader:/opt/ros/jazzy /usr/bin/cmake --install /workspaces/ros2-devcontainer-example-ws/build/gscam2
[0.426s] -- Install configuration: ""
[0.426s] -- Up-to-date: /workspaces/ros2-devcontainer-example-ws/install/gscam2/include/gscam2
[0.428s] -- Up-to-date: /workspaces/ros2-devcontainer-example-ws/install/gscam2/include/gscam2/gscam_node.hpp
[0.429s] -- Up-to-date: /workspaces/ros2-devcontainer-example-ws/install/gscam2/include/gscam2/subscriber_node.hpp
[0.429s] -- Up-to-date: /workspaces/ros2-devcontainer-example-ws/install/gscam2/lib/libgscam_node.so
[0.432s] -- Up-to-date: /workspaces/ros2-devcontainer-example-ws/install/gscam2/lib/libsubscriber_node.so
[0.433s] -- Up-to-date: /workspaces/ros2-devcontainer-example-ws/install/gscam2/lib/gscam2/gscam_main
[0.436s] -- Up-to-date: /workspaces/ros2-devcontainer-example-ws/install/gscam2/lib/gscam2/ipc_test_main
[0.436s] -- Up-to-date: /workspaces/ros2-devcontainer-example-ws/install/gscam2/share/gscam2/cfg
[0.437s] -- Up-to-date: /workspaces/ros2-devcontainer-example-ws/install/gscam2/share/gscam2/cfg/my_camera.ini
[0.437s] -- Up-to-date: /workspaces/ros2-devcontainer-example-ws/install/gscam2/share/gscam2/cfg/workaround_params.yaml
[0.438s] -- Up-to-date: /workspaces/ros2-devcontainer-example-ws/install/gscam2/share/gscam2/cfg/params.yaml
[0.438s] -- Up-to-date: /workspaces/ros2-devcontainer-example-ws/install/gscam2/share/gscam2/launch
[0.439s] -- Up-to-date: /workspaces/ros2-devcontainer-example-ws/install/gscam2/share/gscam2/launch/composition_launch.py
[0.439s] -- Up-to-date: /workspaces/ros2-devcontainer-example-ws/install/gscam2/share/gscam2/launch/container_param_launch.py
[0.439s] -- Up-to-date: /workspaces/ros2-devcontainer-example-ws/install/gscam2/share/gscam2/launch/republish_launch.py
[0.439s] -- Up-to-date: /workspaces/ros2-devcontainer-example-ws/install/gscam2/share/gscam2/launch/node_param_launch.py
[0.440s] -- Up-to-date: /workspaces/ros2-devcontainer-example-ws/install/gscam2/share/gscam2/environment/library_path.sh
[0.440s] -- Up-to-date: /workspaces/ros2-devcontainer-example-ws/install/gscam2/share/gscam2/environment/library_path.dsv
[0.440s] -- Up-to-date: /workspaces/ros2-devcontainer-example-ws/install/gscam2/share/ament_index/resource_index/package_run_dependencies/gscam2
[0.440s] -- Up-to-date: /workspaces/ros2-devcontainer-example-ws/install/gscam2/share/ament_index/resource_index/parent_prefix_path/gscam2
[0.440s] -- Up-to-date: /workspaces/ros2-devcontainer-example-ws/install/gscam2/share/gscam2/environment/ament_prefix_path.sh
[0.440s] -- Up-to-date: /workspaces/ros2-devcontainer-example-ws/install/gscam2/share/gscam2/environment/ament_prefix_path.dsv
[0.441s] -- Up-to-date: /workspaces/ros2-devcontainer-example-ws/install/gscam2/share/gscam2/environment/path.sh
[0.441s] -- Up-to-date: /workspaces/ros2-devcontainer-example-ws/install/gscam2/share/gscam2/environment/path.dsv
[0.442s] -- Up-to-date: /workspaces/ros2-devcontainer-example-ws/install/gscam2/share/gscam2/local_setup.bash
[0.442s] -- Up-to-date: /workspaces/ros2-devcontainer-example-ws/install/gscam2/share/gscam2/local_setup.sh
[0.444s] -- Up-to-date: /workspaces/ros2-devcontainer-example-ws/install/gscam2/share/gscam2/local_setup.zsh
[0.444s] -- Up-to-date: /workspaces/ros2-devcontainer-example-ws/install/gscam2/share/gscam2/local_setup.dsv
[0.445s] -- Installing: /workspaces/ros2-devcontainer-example-ws/install/gscam2/share/gscam2/package.dsv
[0.445s] -- Up-to-date: /workspaces/ros2-devcontainer-example-ws/install/gscam2/share/ament_index/resource_index/packages/gscam2
[0.445s] -- Up-to-date: /workspaces/ros2-devcontainer-example-ws/install/gscam2/share/ament_index/resource_index/rclcpp_components/gscam2
[0.446s] -- Up-to-date: /workspaces/ros2-devcontainer-example-ws/install/gscam2/share/gscam2/cmake/gscam2_targetsExport.cmake
[0.446s] -- Up-to-date: /workspaces/ros2-devcontainer-example-ws/install/gscam2/share/gscam2/cmake/gscam2_targetsExport-noconfig.cmake
[0.446s] -- Up-to-date: /workspaces/ros2-devcontainer-example-ws/install/gscam2/share/gscam2/cmake/ament_cmake_export_targets-extras.cmake
[0.449s] -- Up-to-date: /workspaces/ros2-devcontainer-example-ws/install/gscam2/share/gscam2/cmake/ament_cmake_export_dependencies-extras.cmake
[0.449s] -- Up-to-date: /workspaces/ros2-devcontainer-example-ws/install/gscam2/share/gscam2/cmake/gscam2Config.cmake
[0.450s] -- Up-to-date: /workspaces/ros2-devcontainer-example-ws/install/gscam2/share/gscam2/cmake/gscam2Config-version.cmake
[0.450s] -- Up-to-date: /workspaces/ros2-devcontainer-example-ws/install/gscam2/share/gscam2/package.xml
[0.450s] Invoked command in '/workspaces/ros2-devcontainer-example-ws/build/gscam2' returned '0': CMAKE_PREFIX_PATH=/workspaces/ros2-devcontainer-example-ws/install/ros2_shared:/workspaces/ros2-devcontainer-example-ws/install/gscam2:/opt/ros/jazzy/opt/gz_math_vendor:/opt/ros/jazzy/opt/gz_utils_vendor:/opt/ros/jazzy/opt/gz_cmake_vendor:/workspaces/ros2-devcontainer-example-ws/install/radar_reader:/opt/ros/jazzy /usr/bin/cmake --install /workspaces/ros2-devcontainer-example-ws/build/gscam2
