running egg_info
writing ../../build/radar_reader/radar_reader.egg-info/PKG-INFO
writing dependency_links to ../../build/radar_reader/radar_reader.egg-info/dependency_links.txt
writing entry points to ../../build/radar_reader/radar_reader.egg-info/entry_points.txt
writing requirements to ../../build/radar_reader/radar_reader.egg-info/requires.txt
writing top-level names to ../../build/radar_reader/radar_reader.egg-info/top_level.txt
reading manifest file '../../build/radar_reader/radar_reader.egg-info/SOURCES.txt'
writing manifest file '../../build/radar_reader/radar_reader.egg-info/SOURCES.txt'
running build
running build_py
copying radar_reader/radar_reader_node.py -> /workspaces/ros2-devcontainer-example-ws/build/radar_reader/build/lib/radar_reader
running install
running install_lib
copying /workspaces/ros2-devcontainer-example-ws/build/radar_reader/build/lib/radar_reader/radar_reader_node.py -> /workspaces/ros2-devcontainer-example-ws/install/radar_reader/lib/python3.12/site-packages/radar_reader
byte-compiling /workspaces/ros2-devcontainer-example-ws/install/radar_reader/lib/python3.12/site-packages/radar_reader/radar_reader_node.py to radar_reader_node.cpython-312.pyc
running install_data
running install_egg_info
removing '/workspaces/ros2-devcontainer-example-ws/install/radar_reader/lib/python3.12/site-packages/radar_reader-0.0.0-py3.12.egg-info' (and everything under it)
Copying ../../build/radar_reader/radar_reader.egg-info to /workspaces/ros2-devcontainer-example-ws/install/radar_reader/lib/python3.12/site-packages/radar_reader-0.0.0-py3.12.egg-info
running install_scripts
Installing radar_reader_node script to /workspaces/ros2-devcontainer-example-ws/install/radar_reader/lib/radar_reader
writing list of installed files to '/workspaces/ros2-devcontainer-example-ws/build/radar_reader/install.log'
