[0.034s] Invoking command in '/workspaces/ros2-devcontainer-example-ws/build/ros2_shared': CMAKE_PREFIX_PATH=${CMAKE_PREFIX_PATH}:/workspaces/ros2-devcontainer-example-ws/install/radar_reader:/opt/ros/jazzy /usr/bin/cmake /workspaces/ros2-devcontainer-example-ws/src/ros2_shared -DCMAKE_INSTALL_PREFIX=/workspaces/ros2-devcontainer-example-ws/install/ros2_shared
[0.436s] -- The C compiler identification is GNU 13.2.0
[0.436s] -- The CXX compiler identification is GNU 13.2.0
[0.436s] -- Detecting C compiler ABI info
[0.436s] -- Detecting C compiler ABI info - done
[0.437s] -- Check for working C compiler: /usr/bin/cc - skipped
[0.438s] -- Detecting C compile features
[0.439s] -- Detecting C compile features - done
[0.446s] -- Detecting CXX compiler ABI info
[0.611s] -- Detecting CXX compiler ABI info - done
[0.637s] -- Check for working CXX compiler: /usr/bin/c++ - skipped
[0.638s] -- Detecting CXX compile features
[0.639s] -- Detecting CXX compile features - done
[0.645s] -- Found ament_cmake: 2.5.2 (/opt/ros/jazzy/share/ament_cmake/cmake)
[0.961s] -- Found Python3: /usr/bin/python3 (found version "3.12.3") found components: Interpreter 
[1.194s] -- Found rclcpp: 28.1.5 (/opt/ros/jazzy/share/rclcpp/cmake)
[1.265s] -- Found rosidl_generator_c: 4.6.4 (/opt/ros/jazzy/share/rosidl_generator_c/cmake)
[1.284s] -- Found rosidl_generator_cpp: 4.6.4 (/opt/ros/jazzy/share/rosidl_generator_cpp/cmake)
[1.315s] -- Using all available rosidl_typesupport_c: rosidl_typesupport_fastrtps_c;rosidl_typesupport_introspection_c
[1.342s] -- Using all available rosidl_typesupport_cpp: rosidl_typesupport_fastrtps_cpp;rosidl_typesupport_introspection_cpp
[1.472s] -- Found rmw_implementation_cmake: 7.3.1 (/opt/ros/jazzy/share/rmw_implementation_cmake/cmake)
[1.477s] -- Found rmw_cyclonedds_cpp: 2.2.2 (/opt/ros/jazzy/share/rmw_cyclonedds_cpp/cmake)
[1.538s] -- Using RMW implementation 'rmw_cyclonedds_cpp' as default
[1.901s] -- Configuring done (1.9s)
[1.920s] -- Generating done (0.0s)
[1.927s] -- Build files have been written to: /workspaces/ros2-devcontainer-example-ws/build/ros2_shared
[1.950s] Invoked command in '/workspaces/ros2-devcontainer-example-ws/build/ros2_shared' returned '0': CMAKE_PREFIX_PATH=${CMAKE_PREFIX_PATH}:/workspaces/ros2-devcontainer-example-ws/install/radar_reader:/opt/ros/jazzy /usr/bin/cmake /workspaces/ros2-devcontainer-example-ws/src/ros2_shared -DCMAKE_INSTALL_PREFIX=/workspaces/ros2-devcontainer-example-ws/install/ros2_shared
[1.951s] Invoking command in '/workspaces/ros2-devcontainer-example-ws/build/ros2_shared': CMAKE_PREFIX_PATH=${CMAKE_PREFIX_PATH}:/workspaces/ros2-devcontainer-example-ws/install/radar_reader:/opt/ros/jazzy /usr/bin/cmake --build /workspaces/ros2-devcontainer-example-ws/build/ros2_shared -- -j4 -l4
[2.052s] Invoked command in '/workspaces/ros2-devcontainer-example-ws/build/ros2_shared' returned '0': CMAKE_PREFIX_PATH=${CMAKE_PREFIX_PATH}:/workspaces/ros2-devcontainer-example-ws/install/radar_reader:/opt/ros/jazzy /usr/bin/cmake --build /workspaces/ros2-devcontainer-example-ws/build/ros2_shared -- -j4 -l4
[2.093s] Invoking command in '/workspaces/ros2-devcontainer-example-ws/build/ros2_shared': CMAKE_PREFIX_PATH=${CMAKE_PREFIX_PATH}:/workspaces/ros2-devcontainer-example-ws/install/radar_reader:/opt/ros/jazzy /usr/bin/cmake --install /workspaces/ros2-devcontainer-example-ws/build/ros2_shared
[2.135s] -- Install configuration: ""
[2.135s] -- Installing: /workspaces/ros2-devcontainer-example-ws/install/ros2_shared/include
[2.136s] -- Installing: /workspaces/ros2-devcontainer-example-ws/install/ros2_shared/include/ros2_shared
[2.136s] -- Installing: /workspaces/ros2-devcontainer-example-ws/install/ros2_shared/include/ros2_shared/string_printf.hpp
[2.137s] -- Installing: /workspaces/ros2-devcontainer-example-ws/install/ros2_shared/include/ros2_shared/param_macros.hpp
[2.137s] -- Installing: /workspaces/ros2-devcontainer-example-ws/install/ros2_shared/include/ros2_shared/context_macros.hpp
[2.137s] -- Installing: /workspaces/ros2-devcontainer-example-ws/install/ros2_shared/share/ament_index/resource_index/package_run_dependencies/ros2_shared
[2.137s] -- Installing: /workspaces/ros2-devcontainer-example-ws/install/ros2_shared/share/ament_index/resource_index/parent_prefix_path/ros2_shared
[2.137s] -- Installing: /workspaces/ros2-devcontainer-example-ws/install/ros2_shared/share/ros2_shared/environment/ament_prefix_path.sh
[2.138s] -- Installing: /workspaces/ros2-devcontainer-example-ws/install/ros2_shared/share/ros2_shared/environment/ament_prefix_path.dsv
[2.139s] -- Installing: /workspaces/ros2-devcontainer-example-ws/install/ros2_shared/share/ros2_shared/environment/path.sh
[2.139s] -- Installing: /workspaces/ros2-devcontainer-example-ws/install/ros2_shared/share/ros2_shared/environment/path.dsv
[2.139s] -- Installing: /workspaces/ros2-devcontainer-example-ws/install/ros2_shared/share/ros2_shared/local_setup.bash
[2.140s] -- Installing: /workspaces/ros2-devcontainer-example-ws/install/ros2_shared/share/ros2_shared/local_setup.sh
[2.140s] -- Installing: /workspaces/ros2-devcontainer-example-ws/install/ros2_shared/share/ros2_shared/local_setup.zsh
[2.140s] -- Installing: /workspaces/ros2-devcontainer-example-ws/install/ros2_shared/share/ros2_shared/local_setup.dsv
[2.140s] -- Installing: /workspaces/ros2-devcontainer-example-ws/install/ros2_shared/share/ros2_shared/package.dsv
[2.140s] -- Installing: /workspaces/ros2-devcontainer-example-ws/install/ros2_shared/share/ament_index/resource_index/packages/ros2_shared
[2.142s] -- Installing: /workspaces/ros2-devcontainer-example-ws/install/ros2_shared/share/ros2_shared/cmake/ros2_shared_targetsExport.cmake
[2.144s] -- Installing: /workspaces/ros2-devcontainer-example-ws/install/ros2_shared/share/ros2_shared/cmake/ament_cmake_export_targets-extras.cmake
[2.144s] -- Installing: /workspaces/ros2-devcontainer-example-ws/install/ros2_shared/share/ros2_shared/cmake/ament_cmake_export_dependencies-extras.cmake
[2.144s] -- Installing: /workspaces/ros2-devcontainer-example-ws/install/ros2_shared/share/ros2_shared/cmake/ros2_sharedConfig.cmake
[2.144s] -- Installing: /workspaces/ros2-devcontainer-example-ws/install/ros2_shared/share/ros2_shared/cmake/ros2_sharedConfig-version.cmake
[2.145s] -- Installing: /workspaces/ros2-devcontainer-example-ws/install/ros2_shared/share/ros2_shared/package.xml
[2.146s] Invoked command in '/workspaces/ros2-devcontainer-example-ws/build/ros2_shared' returned '0': CMAKE_PREFIX_PATH=${CMAKE_PREFIX_PATH}:/workspaces/ros2-devcontainer-example-ws/install/radar_reader:/opt/ros/jazzy /usr/bin/cmake --install /workspaces/ros2-devcontainer-example-ws/build/ros2_shared
