[1.479s] Invoking command in '/workspaces/ros2-devcontainer-example-ws/src/radar_reader': PYTHONPATH=/workspaces/ros2-devcontainer-example-ws/build/radar_reader/prefix_override:/usr/lib/python3/dist-packages/colcon_core/task/python/colcon_distutils_commands:/workspaces/ros2-devcontainer-example-ws/install/radar_reader/lib/python3.12/site-packages:${PYTHONPATH} /usr/bin/python3 -W ignore:setup.py install is deprecated -W ignore:easy_install command is deprecated setup.py egg_info --egg-base ../../build/radar_reader build --build-base /workspaces/ros2-devcontainer-example-ws/build/radar_reader/build install --record /workspaces/ros2-devcontainer-example-ws/build/radar_reader/install.log --single-version-externally-managed install_data
[1.891s] running egg_info
[1.923s] writing ../../build/radar_reader/radar_reader.egg-info/PKG-INFO
[1.923s] writing dependency_links to ../../build/radar_reader/radar_reader.egg-info/dependency_links.txt
[1.923s] writing entry points to ../../build/radar_reader/radar_reader.egg-info/entry_points.txt
[1.924s] writing requirements to ../../build/radar_reader/radar_reader.egg-info/requires.txt
[1.924s] writing top-level names to ../../build/radar_reader/radar_reader.egg-info/top_level.txt
[1.979s] reading manifest file '../../build/radar_reader/radar_reader.egg-info/SOURCES.txt'
[1.980s] writing manifest file '../../build/radar_reader/radar_reader.egg-info/SOURCES.txt'
[1.980s] running build
[1.981s] running build_py
[1.981s] copying radar_reader/radar_reader_node.py -> /workspaces/ros2-devcontainer-example-ws/build/radar_reader/build/lib/radar_reader
[1.981s] running install
[1.990s] running install_lib
[2.021s] copying /workspaces/ros2-devcontainer-example-ws/build/radar_reader/build/lib/radar_reader/radar_reader_node.py -> /workspaces/ros2-devcontainer-example-ws/install/radar_reader/lib/python3.12/site-packages/radar_reader
[2.022s] byte-compiling /workspaces/ros2-devcontainer-example-ws/install/radar_reader/lib/python3.12/site-packages/radar_reader/radar_reader_node.py to radar_reader_node.cpython-312.pyc
[2.024s] running install_data
[2.024s] running install_egg_info
[2.052s] removing '/workspaces/ros2-devcontainer-example-ws/install/radar_reader/lib/python3.12/site-packages/radar_reader-0.0.0-py3.12.egg-info' (and everything under it)
[2.053s] Copying ../../build/radar_reader/radar_reader.egg-info to /workspaces/ros2-devcontainer-example-ws/install/radar_reader/lib/python3.12/site-packages/radar_reader-0.0.0-py3.12.egg-info
[2.054s] running install_scripts
[2.244s] Installing radar_reader_node script to /workspaces/ros2-devcontainer-example-ws/install/radar_reader/lib/radar_reader
[2.245s] writing list of installed files to '/workspaces/ros2-devcontainer-example-ws/build/radar_reader/install.log'
[2.290s] Invoked command in '/workspaces/ros2-devcontainer-example-ws/src/radar_reader' returned '0': PYTHONPATH=/workspaces/ros2-devcontainer-example-ws/build/radar_reader/prefix_override:/usr/lib/python3/dist-packages/colcon_core/task/python/colcon_distutils_commands:/workspaces/ros2-devcontainer-example-ws/install/radar_reader/lib/python3.12/site-packages:${PYTHONPATH} /usr/bin/python3 -W ignore:setup.py install is deprecated -W ignore:easy_install command is deprecated setup.py egg_info --egg-base ../../build/radar_reader build --build-base /workspaces/ros2-devcontainer-example-ws/build/radar_reader/build install --record /workspaces/ros2-devcontainer-example-ws/build/radar_reader/install.log --single-version-externally-managed install_data
