running egg_info
creating ../../build/radar_reader/radar_reader.egg-info
writing ../../build/radar_reader/radar_reader.egg-info/PKG-INFO
writing dependency_links to ../../build/radar_reader/radar_reader.egg-info/dependency_links.txt
writing entry points to ../../build/radar_reader/radar_reader.egg-info/entry_points.txt
writing requirements to ../../build/radar_reader/radar_reader.egg-info/requires.txt
writing top-level names to ../../build/radar_reader/radar_reader.egg-info/top_level.txt
writing manifest file '../../build/radar_reader/radar_reader.egg-info/SOURCES.txt'
reading manifest file '../../build/radar_reader/radar_reader.egg-info/SOURCES.txt'
writing manifest file '../../build/radar_reader/radar_reader.egg-info/SOURCES.txt'
running build
running build_py
creating /workspaces/ros2-devcontainer-example-ws/build/radar_reader/build
creating /workspaces/ros2-devcontainer-example-ws/build/radar_reader/build/lib
creating /workspaces/ros2-devcontainer-example-ws/build/radar_reader/build/lib/radar_reader
copying radar_reader/__init__.py -> /workspaces/ros2-devcontainer-example-ws/build/radar_reader/build/lib/radar_reader
copying radar_reader/basic.py -> /workspaces/ros2-devcontainer-example-ws/build/radar_reader/build/lib/radar_reader
copying radar_reader/radar_reader_node.py -> /workspaces/ros2-devcontainer-example-ws/build/radar_reader/build/lib/radar_reader
running install
running install_lib
creating /workspaces/ros2-devcontainer-example-ws/install/radar_reader/lib/python3.12/site-packages/radar_reader
copying /workspaces/ros2-devcontainer-example-ws/build/radar_reader/build/lib/radar_reader/radar_reader_node.py -> /workspaces/ros2-devcontainer-example-ws/install/radar_reader/lib/python3.12/site-packages/radar_reader
copying /workspaces/ros2-devcontainer-example-ws/build/radar_reader/build/lib/radar_reader/__init__.py -> /workspaces/ros2-devcontainer-example-ws/install/radar_reader/lib/python3.12/site-packages/radar_reader
copying /workspaces/ros2-devcontainer-example-ws/build/radar_reader/build/lib/radar_reader/basic.py -> /workspaces/ros2-devcontainer-example-ws/install/radar_reader/lib/python3.12/site-packages/radar_reader
byte-compiling /workspaces/ros2-devcontainer-example-ws/install/radar_reader/lib/python3.12/site-packages/radar_reader/radar_reader_node.py to radar_reader_node.cpython-312.pyc
byte-compiling /workspaces/ros2-devcontainer-example-ws/install/radar_reader/lib/python3.12/site-packages/radar_reader/__init__.py to __init__.cpython-312.pyc
byte-compiling /workspaces/ros2-devcontainer-example-ws/install/radar_reader/lib/python3.12/site-packages/radar_reader/basic.py to basic.cpython-312.pyc
running install_data
copying package.xml -> /workspaces/ros2-devcontainer-example-ws/install/radar_reader/share/radar_reader
running install_egg_info
Copying ../../build/radar_reader/radar_reader.egg-info to /workspaces/ros2-devcontainer-example-ws/install/radar_reader/lib/python3.12/site-packages/radar_reader-0.0.0-py3.12.egg-info
running install_scripts
Installing radar_reader_node script to /workspaces/ros2-devcontainer-example-ws/install/radar_reader/lib/radar_reader
writing list of installed files to '/workspaces/ros2-devcontainer-example-ws/build/radar_reader/install.log'
