[1.485s] Invoking command in '/workspaces/ros2-devcontainer-example-ws/src/radar_reader': PYTHONPATH=/workspaces/ros2-devcontainer-example-ws/build/radar_reader/prefix_override:/usr/lib/python3/dist-packages/colcon_core/task/python/colcon_distutils_commands:/workspaces/ros2-devcontainer-example-ws/install/radar_reader/lib/python3.12/site-packages:${PYTHONPATH} /usr/bin/python3 -W ignore:setup.py install is deprecated -W ignore:easy_install command is deprecated setup.py egg_info --egg-base ../../build/radar_reader build --build-base /workspaces/ros2-devcontainer-example-ws/build/radar_reader/build install --record /workspaces/ros2-devcontainer-example-ws/build/radar_reader/install.log --single-version-externally-managed install_data
[2.104s] running egg_info
[2.105s] creating ../../build/radar_reader/radar_reader.egg-info
[2.175s] writing ../../build/radar_reader/radar_reader.egg-info/PKG-INFO
[2.176s] writing dependency_links to ../../build/radar_reader/radar_reader.egg-info/dependency_links.txt
[2.176s] writing entry points to ../../build/radar_reader/radar_reader.egg-info/entry_points.txt
[2.176s] writing requirements to ../../build/radar_reader/radar_reader.egg-info/requires.txt
[2.176s] writing top-level names to ../../build/radar_reader/radar_reader.egg-info/top_level.txt
[2.176s] writing manifest file '../../build/radar_reader/radar_reader.egg-info/SOURCES.txt'
[2.270s] reading manifest file '../../build/radar_reader/radar_reader.egg-info/SOURCES.txt'
[2.271s] writing manifest file '../../build/radar_reader/radar_reader.egg-info/SOURCES.txt'
[2.271s] running build
[2.271s] running build_py
[2.272s] creating /workspaces/ros2-devcontainer-example-ws/build/radar_reader/build
[2.272s] creating /workspaces/ros2-devcontainer-example-ws/build/radar_reader/build/lib
[2.272s] creating /workspaces/ros2-devcontainer-example-ws/build/radar_reader/build/lib/radar_reader
[2.272s] copying radar_reader/__init__.py -> /workspaces/ros2-devcontainer-example-ws/build/radar_reader/build/lib/radar_reader
[2.273s] copying radar_reader/basic.py -> /workspaces/ros2-devcontainer-example-ws/build/radar_reader/build/lib/radar_reader
[2.273s] copying radar_reader/radar_reader_node.py -> /workspaces/ros2-devcontainer-example-ws/build/radar_reader/build/lib/radar_reader
[2.273s] running install
[2.281s] running install_lib
[2.318s] creating /workspaces/ros2-devcontainer-example-ws/install/radar_reader/lib/python3.12/site-packages/radar_reader
[2.318s] copying /workspaces/ros2-devcontainer-example-ws/build/radar_reader/build/lib/radar_reader/radar_reader_node.py -> /workspaces/ros2-devcontainer-example-ws/install/radar_reader/lib/python3.12/site-packages/radar_reader
[2.318s] copying /workspaces/ros2-devcontainer-example-ws/build/radar_reader/build/lib/radar_reader/__init__.py -> /workspaces/ros2-devcontainer-example-ws/install/radar_reader/lib/python3.12/site-packages/radar_reader
[2.318s] copying /workspaces/ros2-devcontainer-example-ws/build/radar_reader/build/lib/radar_reader/basic.py -> /workspaces/ros2-devcontainer-example-ws/install/radar_reader/lib/python3.12/site-packages/radar_reader
[2.318s] byte-compiling /workspaces/ros2-devcontainer-example-ws/install/radar_reader/lib/python3.12/site-packages/radar_reader/radar_reader_node.py to radar_reader_node.cpython-312.pyc
[2.319s] byte-compiling /workspaces/ros2-devcontainer-example-ws/install/radar_reader/lib/python3.12/site-packages/radar_reader/__init__.py to __init__.cpython-312.pyc
[2.319s] byte-compiling /workspaces/ros2-devcontainer-example-ws/install/radar_reader/lib/python3.12/site-packages/radar_reader/basic.py to basic.cpython-312.pyc
[2.319s] running install_data
[2.319s] copying package.xml -> /workspaces/ros2-devcontainer-example-ws/install/radar_reader/share/radar_reader
[2.319s] running install_egg_info
[2.348s] Copying ../../build/radar_reader/radar_reader.egg-info to /workspaces/ros2-devcontainer-example-ws/install/radar_reader/lib/python3.12/site-packages/radar_reader-0.0.0-py3.12.egg-info
[2.349s] running install_scripts
[2.527s] Installing radar_reader_node script to /workspaces/ros2-devcontainer-example-ws/install/radar_reader/lib/radar_reader
[2.528s] writing list of installed files to '/workspaces/ros2-devcontainer-example-ws/build/radar_reader/install.log'
[2.578s] Invoked command in '/workspaces/ros2-devcontainer-example-ws/src/radar_reader' returned '0': PYTHONPATH=/workspaces/ros2-devcontainer-example-ws/build/radar_reader/prefix_override:/usr/lib/python3/dist-packages/colcon_core/task/python/colcon_distutils_commands:/workspaces/ros2-devcontainer-example-ws/install/radar_reader/lib/python3.12/site-packages:${PYTHONPATH} /usr/bin/python3 -W ignore:setup.py install is deprecated -W ignore:easy_install command is deprecated setup.py egg_info --egg-base ../../build/radar_reader build --build-base /workspaces/ros2-devcontainer-example-ws/build/radar_reader/build install --record /workspaces/ros2-devcontainer-example-ws/build/radar_reader/install.log --single-version-externally-managed install_data
