[1.514s] Invoking command in '/workspaces/ros2-devcontainer-example-ws/src/radar_reader': PYTHONPATH=/workspaces/ros2-devcontainer-example-ws/build/radar_reader/prefix_override:/usr/lib/python3/dist-packages/colcon_core/task/python/colcon_distutils_commands:/workspaces/ros2-devcontainer-example-ws/install/radar_reader/lib/python3.12/site-packages:${PYTHONPATH} /usr/bin/python3 -W ignore:setup.py install is deprecated -W ignore:easy_install command is deprecated setup.py egg_info --egg-base ../../build/radar_reader build --build-base /workspaces/ros2-devcontainer-example-ws/build/radar_reader/build install --record /workspaces/ros2-devcontainer-example-ws/build/radar_reader/install.log --single-version-externally-managed install_data
[1.994s] running egg_info
[2.035s] writing ../../build/radar_reader/radar_reader.egg-info/PKG-INFO
[2.036s] writing dependency_links to ../../build/radar_reader/radar_reader.egg-info/dependency_links.txt
[2.037s] writing entry points to ../../build/radar_reader/radar_reader.egg-info/entry_points.txt
[2.037s] writing requirements to ../../build/radar_reader/radar_reader.egg-info/requires.txt
[2.037s] writing top-level names to ../../build/radar_reader/radar_reader.egg-info/top_level.txt
[2.095s] reading manifest file '../../build/radar_reader/radar_reader.egg-info/SOURCES.txt'
[2.096s] writing manifest file '../../build/radar_reader/radar_reader.egg-info/SOURCES.txt'
[2.096s] running build
[2.097s] running build_py
[2.097s] running install
[2.106s] running install_lib
[2.148s] running install_data
[2.148s] running install_egg_info
[2.184s] removing '/workspaces/ros2-devcontainer-example-ws/install/radar_reader/lib/python3.12/site-packages/radar_reader-0.0.0-py3.12.egg-info' (and everything under it)
[2.185s] Copying ../../build/radar_reader/radar_reader.egg-info to /workspaces/ros2-devcontainer-example-ws/install/radar_reader/lib/python3.12/site-packages/radar_reader-0.0.0-py3.12.egg-info
[2.186s] running install_scripts
[2.411s] Installing radar_reader_node script to /workspaces/ros2-devcontainer-example-ws/install/radar_reader/lib/radar_reader
[2.413s] writing list of installed files to '/workspaces/ros2-devcontainer-example-ws/build/radar_reader/install.log'
[2.484s] Invoked command in '/workspaces/ros2-devcontainer-example-ws/src/radar_reader' returned '0': PYTHONPATH=/workspaces/ros2-devcontainer-example-ws/build/radar_reader/prefix_override:/usr/lib/python3/dist-packages/colcon_core/task/python/colcon_distutils_commands:/workspaces/ros2-devcontainer-example-ws/install/radar_reader/lib/python3.12/site-packages:${PYTHONPATH} /usr/bin/python3 -W ignore:setup.py install is deprecated -W ignore:easy_install command is deprecated setup.py egg_info --egg-base ../../build/radar_reader build --build-base /workspaces/ros2-devcontainer-example-ws/build/radar_reader/build install --record /workspaces/ros2-devcontainer-example-ws/build/radar_reader/install.log --single-version-externally-managed install_data
