/workspaces/data-collection/install/radar_reader/lib/python3.12/site-packages/radar_reader/__init__.py
/workspaces/data-collection/install/radar_reader/lib/python3.12/site-packages/radar_reader/basic.py
/workspaces/data-collection/install/radar_reader/lib/python3.12/site-packages/radar_reader/radar_reader_node.py
/workspaces/data-collection/install/radar_reader/lib/python3.12/site-packages/radar_reader/radar_visu.py
/workspaces/data-collection/install/radar_reader/lib/python3.12/site-packages/radar_reader/image_subscriber.py
/workspaces/data-collection/install/radar_reader/lib/python3.12/site-packages/radar_reader/envelope_node.py
/workspaces/data-collection/install/radar_reader/lib/python3.12/site-packages/radar_reader/visu_backup.py
/workspaces/data-collection/install/radar_reader/lib/python3.12/site-packages/radar_reader/__pycache__/__init__.cpython-312.pyc
/workspaces/data-collection/install/radar_reader/lib/python3.12/site-packages/radar_reader/__pycache__/basic.cpython-312.pyc
/workspaces/data-collection/install/radar_reader/lib/python3.12/site-packages/radar_reader/__pycache__/radar_reader_node.cpython-312.pyc
/workspaces/data-collection/install/radar_reader/lib/python3.12/site-packages/radar_reader/__pycache__/radar_visu.cpython-312.pyc
/workspaces/data-collection/install/radar_reader/lib/python3.12/site-packages/radar_reader/__pycache__/image_subscriber.cpython-312.pyc
/workspaces/data-collection/install/radar_reader/lib/python3.12/site-packages/radar_reader/__pycache__/envelope_node.cpython-312.pyc
/workspaces/data-collection/install/radar_reader/lib/python3.12/site-packages/radar_reader/__pycache__/visu_backup.cpython-312.pyc
/workspaces/data-collection/install/radar_reader/share/radar_reader/package.xml
/workspaces/data-collection/install/radar_reader/lib/python3.12/site-packages/radar_reader-0.0.0-py3.12.egg-info/requires.txt
/workspaces/data-collection/install/radar_reader/lib/python3.12/site-packages/radar_reader-0.0.0-py3.12.egg-info/entry_points.txt
/workspaces/data-collection/install/radar_reader/lib/python3.12/site-packages/radar_reader-0.0.0-py3.12.egg-info/PKG-INFO
/workspaces/data-collection/install/radar_reader/lib/python3.12/site-packages/radar_reader-0.0.0-py3.12.egg-info/top_level.txt
/workspaces/data-collection/install/radar_reader/lib/python3.12/site-packages/radar_reader-0.0.0-py3.12.egg-info/zip-safe
/workspaces/data-collection/install/radar_reader/lib/python3.12/site-packages/radar_reader-0.0.0-py3.12.egg-info/dependency_links.txt
/workspaces/data-collection/install/radar_reader/lib/python3.12/site-packages/radar_reader-0.0.0-py3.12.egg-info/SOURCES.txt
/workspaces/data-collection/install/radar_reader/lib/radar_reader/radar_reader_node
/workspaces/data-collection/install/radar_reader/lib/radar_reader/radar_visu
