[0.142s] DEBUG:colcon:Command line arguments: ['/usr/bin/colcon', 'build']
[0.142s] DEBUG:colcon:Parsed command line arguments: Namespace(log_base=None, log_level=None, verb_name='build', build_base='build', install_base='install', merge_install=False, symlink_install=False, test_result_base=None, continue_on_error=False, executor='parallel', parallel_workers=4, event_handlers=None, ignore_user_meta=False, metas=['./colcon.meta'], base_paths=['.'], packages_ignore=None, packages_ignore_regex=None, paths=None, packages_up_to=None, packages_up_to_regex=None, packages_above=None, packages_above_and_dependencies=None, packages_above_depth=None, packages_select_by_dep=None, packages_skip_by_dep=None, packages_skip_up_to=None, packages_select_build_failed=False, packages_skip_build_finished=False, packages_select_test_failures=False, packages_skip_test_passed=False, packages_select=None, packages_skip=None, packages_select_regex=None, packages_skip_regex=None, packages_start=None, packages_end=None, cmake_args=None, cmake_target=None, cmake_target_skip_unavailable=False, cmake_clean_cache=False, cmake_clean_first=False, cmake_force_configure=False, ament_cmake_args=None, catkin_cmake_args=None, catkin_skip_building_tests=False, mixin_files=None, mixin=None, verb_parser=<colcon_mixin.mixin.mixin_argument.MixinArgumentDecorator object at 0x74ec51d09790>, verb_extension=<colcon_core.verb.build.BuildVerb object at 0x74ec51e858e0>, main=<bound method BuildVerb.main of <colcon_core.verb.build.BuildVerb object at 0x74ec51e858e0>>, mixin_verb=('build',))
[0.191s] Level 1:colcon.colcon_core.package_discovery:discover_packages(colcon_meta) check parameters
[0.192s] Level 1:colcon.colcon_core.package_discovery:discover_packages(recursive) check parameters
[0.192s] Level 1:colcon.colcon_core.package_discovery:discover_packages(ignore) check parameters
[0.192s] Level 1:colcon.colcon_core.package_discovery:discover_packages(path) check parameters
[0.192s] Level 1:colcon.colcon_core.package_discovery:discover_packages(colcon_meta) discover
[0.192s] Level 1:colcon.colcon_core.package_discovery:discover_packages(recursive) discover
[0.192s] INFO:colcon.colcon_core.package_discovery:Crawling recursively for packages in '/workspaces/ros2-devcontainer-example-ws'
[0.192s] Level 1:colcon.colcon_core.package_identification:_identify(.) by extensions ['ignore', 'ignore_ament_install']
[0.192s] Level 1:colcon.colcon_core.package_identification:_identify(.) by extension 'ignore'
[0.192s] Level 1:colcon.colcon_core.package_identification:_identify(.) by extension 'ignore_ament_install'
[0.192s] Level 1:colcon.colcon_core.package_identification:_identify(.) by extensions ['colcon_pkg']
[0.192s] Level 1:colcon.colcon_core.package_identification:_identify(.) by extension 'colcon_pkg'
[0.192s] Level 1:colcon.colcon_core.package_identification:_identify(.) by extensions ['colcon_meta']
[0.192s] Level 1:colcon.colcon_core.package_identification:_identify(.) by extension 'colcon_meta'
[0.192s] Level 1:colcon.colcon_core.package_identification:_identify(.) by extensions ['ros']
[0.193s] Level 1:colcon.colcon_core.package_identification:_identify(.) by extension 'ros'
[0.226s] Level 1:colcon.colcon_core.package_identification:_identify(.) by extensions ['cmake', 'python']
[0.226s] Level 1:colcon.colcon_core.package_identification:_identify(.) by extension 'cmake'
[0.226s] Level 1:colcon.colcon_core.package_identification:_identify(.) by extension 'python'
[0.226s] Level 1:colcon.colcon_core.package_identification:_identify(.) by extensions ['python_setup_py']
[0.226s] Level 1:colcon.colcon_core.package_identification:_identify(.) by extension 'python_setup_py'
[0.227s] Level 1:colcon.colcon_core.package_identification:_identify(build) by extensions ['ignore', 'ignore_ament_install']
[0.227s] Level 1:colcon.colcon_core.package_identification:_identify(build) by extension 'ignore'
[0.227s] Level 1:colcon.colcon_core.package_identification:_identify(build) ignored
[0.227s] Level 1:colcon.colcon_core.package_identification:_identify(doc) by extensions ['ignore', 'ignore_ament_install']
[0.227s] Level 1:colcon.colcon_core.package_identification:_identify(doc) by extension 'ignore'
[0.227s] Level 1:colcon.colcon_core.package_identification:_identify(doc) by extension 'ignore_ament_install'
[0.228s] Level 1:colcon.colcon_core.package_identification:_identify(doc) by extensions ['colcon_pkg']
[0.228s] Level 1:colcon.colcon_core.package_identification:_identify(doc) by extension 'colcon_pkg'
[0.228s] Level 1:colcon.colcon_core.package_identification:_identify(doc) by extensions ['colcon_meta']
[0.228s] Level 1:colcon.colcon_core.package_identification:_identify(doc) by extension 'colcon_meta'
[0.228s] Level 1:colcon.colcon_core.package_identification:_identify(doc) by extensions ['ros']
[0.228s] Level 1:colcon.colcon_core.package_identification:_identify(doc) by extension 'ros'
[0.228s] Level 1:colcon.colcon_core.package_identification:_identify(doc) by extensions ['cmake', 'python']
[0.228s] Level 1:colcon.colcon_core.package_identification:_identify(doc) by extension 'cmake'
[0.228s] Level 1:colcon.colcon_core.package_identification:_identify(doc) by extension 'python'
[0.228s] Level 1:colcon.colcon_core.package_identification:_identify(doc) by extensions ['python_setup_py']
[0.228s] Level 1:colcon.colcon_core.package_identification:_identify(doc) by extension 'python_setup_py'
[0.228s] Level 1:colcon.colcon_core.package_identification:_identify(install) by extensions ['ignore', 'ignore_ament_install']
[0.229s] Level 1:colcon.colcon_core.package_identification:_identify(install) by extension 'ignore'
[0.229s] Level 1:colcon.colcon_core.package_identification:_identify(install) ignored
[0.229s] Level 1:colcon.colcon_core.package_identification:_identify(log) by extensions ['ignore', 'ignore_ament_install']
[0.229s] Level 1:colcon.colcon_core.package_identification:_identify(log) by extension 'ignore'
[0.229s] Level 1:colcon.colcon_core.package_identification:_identify(log) ignored
[0.229s] Level 1:colcon.colcon_core.package_identification:_identify(src) by extensions ['ignore', 'ignore_ament_install']
[0.229s] Level 1:colcon.colcon_core.package_identification:_identify(src) by extension 'ignore'
[0.229s] Level 1:colcon.colcon_core.package_identification:_identify(src) by extension 'ignore_ament_install'
[0.230s] Level 1:colcon.colcon_core.package_identification:_identify(src) by extensions ['colcon_pkg']
[0.230s] Level 1:colcon.colcon_core.package_identification:_identify(src) by extension 'colcon_pkg'
[0.230s] Level 1:colcon.colcon_core.package_identification:_identify(src) by extensions ['colcon_meta']
[0.230s] Level 1:colcon.colcon_core.package_identification:_identify(src) by extension 'colcon_meta'
[0.230s] Level 1:colcon.colcon_core.package_identification:_identify(src) by extensions ['ros']
[0.230s] Level 1:colcon.colcon_core.package_identification:_identify(src) by extension 'ros'
[0.230s] Level 1:colcon.colcon_core.package_identification:_identify(src) by extensions ['cmake', 'python']
[0.230s] Level 1:colcon.colcon_core.package_identification:_identify(src) by extension 'cmake'
[0.230s] Level 1:colcon.colcon_core.package_identification:_identify(src) by extension 'python'
[0.230s] Level 1:colcon.colcon_core.package_identification:_identify(src) by extensions ['python_setup_py']
[0.230s] Level 1:colcon.colcon_core.package_identification:_identify(src) by extension 'python_setup_py'
[0.230s] Level 1:colcon.colcon_core.package_identification:_identify(src/gscam2) by extensions ['ignore', 'ignore_ament_install']
[0.231s] Level 1:colcon.colcon_core.package_identification:_identify(src/gscam2) by extension 'ignore'
[0.231s] Level 1:colcon.colcon_core.package_identification:_identify(src/gscam2) by extension 'ignore_ament_install'
[0.231s] Level 1:colcon.colcon_core.package_identification:_identify(src/gscam2) by extensions ['colcon_pkg']
[0.231s] Level 1:colcon.colcon_core.package_identification:_identify(src/gscam2) by extension 'colcon_pkg'
[0.231s] Level 1:colcon.colcon_core.package_identification:_identify(src/gscam2) by extensions ['colcon_meta']
[0.231s] Level 1:colcon.colcon_core.package_identification:_identify(src/gscam2) by extension 'colcon_meta'
[0.231s] Level 1:colcon.colcon_core.package_identification:_identify(src/gscam2) by extensions ['ros']
[0.231s] Level 1:colcon.colcon_core.package_identification:_identify(src/gscam2) by extension 'ros'
[0.236s] DEBUG:colcon.colcon_core.package_identification:Package 'src/gscam2' with type 'ros.ament_cmake' and name 'gscam2'
[0.236s] Level 1:colcon.colcon_core.package_identification:_identify(src/radar_reader) by extensions ['ignore', 'ignore_ament_install']
[0.237s] Level 1:colcon.colcon_core.package_identification:_identify(src/radar_reader) by extension 'ignore'
[0.237s] Level 1:colcon.colcon_core.package_identification:_identify(src/radar_reader) by extension 'ignore_ament_install'
[0.237s] Level 1:colcon.colcon_core.package_identification:_identify(src/radar_reader) by extensions ['colcon_pkg']
[0.237s] Level 1:colcon.colcon_core.package_identification:_identify(src/radar_reader) by extension 'colcon_pkg'
[0.237s] Level 1:colcon.colcon_core.package_identification:_identify(src/radar_reader) by extensions ['colcon_meta']
[0.237s] Level 1:colcon.colcon_core.package_identification:_identify(src/radar_reader) by extension 'colcon_meta'
[0.237s] Level 1:colcon.colcon_core.package_identification:_identify(src/radar_reader) by extensions ['ros']
[0.237s] Level 1:colcon.colcon_core.package_identification:_identify(src/radar_reader) by extension 'ros'
[0.238s] DEBUG:colcon.colcon_core.package_identification:Package 'src/radar_reader' with type 'ros.ament_python' and name 'radar_reader'
[0.238s] Level 1:colcon.colcon_core.package_identification:_identify(src/ros2_shared) by extensions ['ignore', 'ignore_ament_install']
[0.238s] Level 1:colcon.colcon_core.package_identification:_identify(src/ros2_shared) by extension 'ignore'
[0.238s] Level 1:colcon.colcon_core.package_identification:_identify(src/ros2_shared) by extension 'ignore_ament_install'
[0.238s] Level 1:colcon.colcon_core.package_identification:_identify(src/ros2_shared) by extensions ['colcon_pkg']
[0.238s] Level 1:colcon.colcon_core.package_identification:_identify(src/ros2_shared) by extension 'colcon_pkg'
[0.238s] Level 1:colcon.colcon_core.package_identification:_identify(src/ros2_shared) by extensions ['colcon_meta']
[0.238s] Level 1:colcon.colcon_core.package_identification:_identify(src/ros2_shared) by extension 'colcon_meta'
[0.239s] Level 1:colcon.colcon_core.package_identification:_identify(src/ros2_shared) by extensions ['ros']
[0.239s] Level 1:colcon.colcon_core.package_identification:_identify(src/ros2_shared) by extension 'ros'
[0.240s] DEBUG:colcon.colcon_core.package_identification:Package 'src/ros2_shared' with type 'ros.ament_cmake' and name 'ros2_shared'
[0.240s] Level 1:colcon.colcon_core.package_discovery:discover_packages(recursive) using defaults
[0.240s] Level 1:colcon.colcon_core.package_discovery:discover_packages(ignore) discover
[0.240s] Level 1:colcon.colcon_core.package_discovery:discover_packages(ignore) using defaults
[0.240s] Level 1:colcon.colcon_core.package_discovery:discover_packages(path) discover
[0.240s] Level 1:colcon.colcon_core.package_discovery:discover_packages(path) using defaults
[0.262s] Level 5:colcon.colcon_core.verb:set package 'radar_reader' build argument 'cmake_args' from command line to 'None'
[0.262s] Level 5:colcon.colcon_core.verb:set package 'radar_reader' build argument 'cmake_target' from command line to 'None'
[0.262s] Level 5:colcon.colcon_core.verb:set package 'radar_reader' build argument 'cmake_target_skip_unavailable' from command line to 'False'
[0.262s] Level 5:colcon.colcon_core.verb:set package 'radar_reader' build argument 'cmake_clean_cache' from command line to 'False'
[0.262s] Level 5:colcon.colcon_core.verb:set package 'radar_reader' build argument 'cmake_clean_first' from command line to 'False'
[0.262s] Level 5:colcon.colcon_core.verb:set package 'radar_reader' build argument 'cmake_force_configure' from command line to 'False'
[0.262s] Level 5:colcon.colcon_core.verb:set package 'radar_reader' build argument 'ament_cmake_args' from command line to 'None'
[0.262s] Level 5:colcon.colcon_core.verb:set package 'radar_reader' build argument 'catkin_cmake_args' from command line to 'None'
[0.262s] Level 5:colcon.colcon_core.verb:set package 'radar_reader' build argument 'catkin_skip_building_tests' from command line to 'False'
[0.262s] DEBUG:colcon.colcon_core.verb:Building package 'radar_reader' with the following arguments: {'ament_cmake_args': None, 'build_base': '/workspaces/ros2-devcontainer-example-ws/build/radar_reader', 'catkin_cmake_args': None, 'catkin_skip_building_tests': False, 'cmake_args': None, 'cmake_clean_cache': False, 'cmake_clean_first': False, 'cmake_force_configure': False, 'cmake_target': None, 'cmake_target_skip_unavailable': False, 'install_base': '/workspaces/ros2-devcontainer-example-ws/install/radar_reader', 'merge_install': False, 'path': '/workspaces/ros2-devcontainer-example-ws/src/radar_reader', 'symlink_install': False, 'test_result_base': None}
[0.263s] Level 5:colcon.colcon_core.verb:set package 'ros2_shared' build argument 'cmake_args' from command line to 'None'
[0.263s] Level 5:colcon.colcon_core.verb:set package 'ros2_shared' build argument 'cmake_target' from command line to 'None'
[0.263s] Level 5:colcon.colcon_core.verb:set package 'ros2_shared' build argument 'cmake_target_skip_unavailable' from command line to 'False'
[0.263s] Level 5:colcon.colcon_core.verb:set package 'ros2_shared' build argument 'cmake_clean_cache' from command line to 'False'
[0.263s] Level 5:colcon.colcon_core.verb:set package 'ros2_shared' build argument 'cmake_clean_first' from command line to 'False'
[0.263s] Level 5:colcon.colcon_core.verb:set package 'ros2_shared' build argument 'cmake_force_configure' from command line to 'False'
[0.263s] Level 5:colcon.colcon_core.verb:set package 'ros2_shared' build argument 'ament_cmake_args' from command line to 'None'
[0.263s] Level 5:colcon.colcon_core.verb:set package 'ros2_shared' build argument 'catkin_cmake_args' from command line to 'None'
[0.263s] Level 5:colcon.colcon_core.verb:set package 'ros2_shared' build argument 'catkin_skip_building_tests' from command line to 'False'
[0.263s] DEBUG:colcon.colcon_core.verb:Building package 'ros2_shared' with the following arguments: {'ament_cmake_args': None, 'build_base': '/workspaces/ros2-devcontainer-example-ws/build/ros2_shared', 'catkin_cmake_args': None, 'catkin_skip_building_tests': False, 'cmake_args': None, 'cmake_clean_cache': False, 'cmake_clean_first': False, 'cmake_force_configure': False, 'cmake_target': None, 'cmake_target_skip_unavailable': False, 'install_base': '/workspaces/ros2-devcontainer-example-ws/install/ros2_shared', 'merge_install': False, 'path': '/workspaces/ros2-devcontainer-example-ws/src/ros2_shared', 'symlink_install': False, 'test_result_base': None}
[0.263s] Level 5:colcon.colcon_core.verb:set package 'gscam2' build argument 'cmake_args' from command line to 'None'
[0.263s] Level 5:colcon.colcon_core.verb:set package 'gscam2' build argument 'cmake_target' from command line to 'None'
[0.264s] Level 5:colcon.colcon_core.verb:set package 'gscam2' build argument 'cmake_target_skip_unavailable' from command line to 'False'
[0.264s] Level 5:colcon.colcon_core.verb:set package 'gscam2' build argument 'cmake_clean_cache' from command line to 'False'
[0.264s] Level 5:colcon.colcon_core.verb:set package 'gscam2' build argument 'cmake_clean_first' from command line to 'False'
[0.264s] Level 5:colcon.colcon_core.verb:set package 'gscam2' build argument 'cmake_force_configure' from command line to 'False'
[0.264s] Level 5:colcon.colcon_core.verb:set package 'gscam2' build argument 'ament_cmake_args' from command line to 'None'
[0.264s] Level 5:colcon.colcon_core.verb:set package 'gscam2' build argument 'catkin_cmake_args' from command line to 'None'
[0.264s] Level 5:colcon.colcon_core.verb:set package 'gscam2' build argument 'catkin_skip_building_tests' from command line to 'False'
[0.264s] DEBUG:colcon.colcon_core.verb:Building package 'gscam2' with the following arguments: {'ament_cmake_args': None, 'build_base': '/workspaces/ros2-devcontainer-example-ws/build/gscam2', 'catkin_cmake_args': None, 'catkin_skip_building_tests': False, 'cmake_args': None, 'cmake_clean_cache': False, 'cmake_clean_first': False, 'cmake_force_configure': False, 'cmake_target': None, 'cmake_target_skip_unavailable': False, 'install_base': '/workspaces/ros2-devcontainer-example-ws/install/gscam2', 'merge_install': False, 'path': '/workspaces/ros2-devcontainer-example-ws/src/gscam2', 'symlink_install': False, 'test_result_base': None}
[0.264s] INFO:colcon.colcon_core.executor:Executing jobs using 'parallel' executor
[0.265s] DEBUG:colcon.colcon_parallel_executor.executor.parallel:run_until_complete
[0.265s] INFO:colcon.colcon_ros.task.ament_cmake.build:Building ROS package in '/workspaces/ros2-devcontainer-example-ws/src/ros2_shared' with build type 'ament_cmake'
[0.265s] INFO:colcon.colcon_cmake.task.cmake.build:Building CMake package in '/workspaces/ros2-devcontainer-example-ws/src/ros2_shared'
[0.268s] INFO:colcon.colcon_core.plugin_system:Skipping extension 'colcon_core.shell.bat': Not used on non-Windows systems
[0.268s] INFO:colcon.colcon_core.shell:Skip shell extension 'powershell' for command environment: Not usable outside of PowerShell
[0.269s] DEBUG:colcon.colcon_core.shell:Skip shell extension 'dsv' for command environment
[0.275s] INFO:colcon.colcon_ros.task.ament_python.build:Building ROS package in '/workspaces/ros2-devcontainer-example-ws/src/radar_reader' with build type 'ament_python'
[0.275s] Level 1:colcon.colcon_core.shell:create_environment_hook('radar_reader', 'ament_prefix_path')
[0.276s] INFO:colcon.colcon_core.shell:Creating environment hook '/workspaces/ros2-devcontainer-example-ws/install/radar_reader/share/radar_reader/hook/ament_prefix_path.ps1'
[0.277s] INFO:colcon.colcon_core.shell:Creating environment descriptor '/workspaces/ros2-devcontainer-example-ws/install/radar_reader/share/radar_reader/hook/ament_prefix_path.dsv'
[0.278s] INFO:colcon.colcon_core.shell:Creating environment hook '/workspaces/ros2-devcontainer-example-ws/install/radar_reader/share/radar_reader/hook/ament_prefix_path.sh'
[0.280s] INFO:colcon.colcon_core.shell:Skip shell extension 'powershell' for command environment: Not usable outside of PowerShell
[0.280s] DEBUG:colcon.colcon_core.shell:Skip shell extension 'dsv' for command environment
[0.302s] DEBUG:colcon.colcon_core.event_handler.log_command:Invoking command in '/workspaces/ros2-devcontainer-example-ws/build/ros2_shared': CMAKE_PREFIX_PATH=${CMAKE_PREFIX_PATH}:/workspaces/ros2-devcontainer-example-ws/install/radar_reader:/opt/ros/jazzy /usr/bin/cmake --build /workspaces/ros2-devcontainer-example-ws/build/ros2_shared -- -j4 -l4
[0.639s] WARNING:colcon.colcon_ros.task.ament_python.build:Package 'radar_reader' doesn't explicitly install a marker in the package index (colcon-ros currently does it implicitly but that fallback will be removed in the future)
[0.639s] INFO:colcon.colcon_core.task.python.build:Building Python package in '/workspaces/ros2-devcontainer-example-ws/src/radar_reader'
[0.639s] INFO:colcon.colcon_core.shell:Skip shell extension 'powershell' for command environment: Not usable outside of PowerShell
[0.639s] DEBUG:colcon.colcon_core.shell:Skip shell extension 'dsv' for command environment
[0.645s] DEBUG:colcon.colcon_core.event_handler.log_command:Invoked command in '/workspaces/ros2-devcontainer-example-ws/build/ros2_shared' returned '0': CMAKE_PREFIX_PATH=${CMAKE_PREFIX_PATH}:/workspaces/ros2-devcontainer-example-ws/install/radar_reader:/opt/ros/jazzy /usr/bin/cmake --build /workspaces/ros2-devcontainer-example-ws/build/ros2_shared -- -j4 -l4
[0.663s] DEBUG:colcon.colcon_core.event_handler.log_command:Invoking command in '/workspaces/ros2-devcontainer-example-ws/build/ros2_shared': CMAKE_PREFIX_PATH=${CMAKE_PREFIX_PATH}:/workspaces/ros2-devcontainer-example-ws/install/radar_reader:/opt/ros/jazzy /usr/bin/cmake --install /workspaces/ros2-devcontainer-example-ws/build/ros2_shared
[0.688s] Level 1:colcon.colcon_core.environment:create_environment_scripts_only(ros2_shared)
[0.699s] DEBUG:colcon.colcon_core.event_handler.log_command:Invoked command in '/workspaces/ros2-devcontainer-example-ws/build/ros2_shared' returned '0': CMAKE_PREFIX_PATH=${CMAKE_PREFIX_PATH}:/workspaces/ros2-devcontainer-example-ws/install/radar_reader:/opt/ros/jazzy /usr/bin/cmake --install /workspaces/ros2-devcontainer-example-ws/build/ros2_shared
[0.704s] Level 1:colcon.colcon_core.environment:checking '/workspaces/ros2-devcontainer-example-ws/install/ros2_shared' for CMake module files
[0.705s] Level 1:colcon.colcon_core.environment:checking '/workspaces/ros2-devcontainer-example-ws/install/ros2_shared' for CMake config files
[0.705s] Level 1:colcon.colcon_core.shell:create_environment_hook('ros2_shared', 'cmake_prefix_path')
[0.705s] INFO:colcon.colcon_core.shell:Creating environment hook '/workspaces/ros2-devcontainer-example-ws/install/ros2_shared/share/ros2_shared/hook/cmake_prefix_path.ps1'
[0.706s] INFO:colcon.colcon_core.shell:Creating environment descriptor '/workspaces/ros2-devcontainer-example-ws/install/ros2_shared/share/ros2_shared/hook/cmake_prefix_path.dsv'
[0.706s] INFO:colcon.colcon_core.shell:Creating environment hook '/workspaces/ros2-devcontainer-example-ws/install/ros2_shared/share/ros2_shared/hook/cmake_prefix_path.sh'
[0.707s] Level 1:colcon.colcon_core.environment:checking '/workspaces/ros2-devcontainer-example-ws/install/ros2_shared/bin'
[0.708s] Level 1:colcon.colcon_core.environment:checking '/workspaces/ros2-devcontainer-example-ws/install/ros2_shared/lib/pkgconfig/ros2_shared.pc'
[0.708s] Level 1:colcon.colcon_core.environment:checking '/workspaces/ros2-devcontainer-example-ws/install/ros2_shared/lib/python3.12/site-packages'
[0.708s] Level 1:colcon.colcon_core.environment:checking '/workspaces/ros2-devcontainer-example-ws/install/ros2_shared/bin'
[0.709s] INFO:colcon.colcon_core.shell:Creating package script '/workspaces/ros2-devcontainer-example-ws/install/ros2_shared/share/ros2_shared/package.ps1'
[0.710s] INFO:colcon.colcon_core.shell:Creating package descriptor '/workspaces/ros2-devcontainer-example-ws/install/ros2_shared/share/ros2_shared/package.dsv'
[0.711s] INFO:colcon.colcon_core.shell:Creating package script '/workspaces/ros2-devcontainer-example-ws/install/ros2_shared/share/ros2_shared/package.sh'
[0.713s] INFO:colcon.colcon_core.shell:Creating package script '/workspaces/ros2-devcontainer-example-ws/install/ros2_shared/share/ros2_shared/package.bash'
[0.715s] INFO:colcon.colcon_core.shell:Creating package script '/workspaces/ros2-devcontainer-example-ws/install/ros2_shared/share/ros2_shared/package.zsh'
[0.716s] Level 1:colcon.colcon_core.environment:create_file_with_runtime_dependencies(/workspaces/ros2-devcontainer-example-ws/install/ros2_shared/share/colcon-core/packages/ros2_shared)
[0.716s] Level 1:colcon.colcon_core.environment:create_environment_scripts_only(ros2_shared)
[0.716s] Level 1:colcon.colcon_core.environment:checking '/workspaces/ros2-devcontainer-example-ws/install/ros2_shared' for CMake module files
[0.717s] Level 1:colcon.colcon_core.environment:checking '/workspaces/ros2-devcontainer-example-ws/install/ros2_shared' for CMake config files
[0.717s] Level 1:colcon.colcon_core.shell:create_environment_hook('ros2_shared', 'cmake_prefix_path')
[0.718s] INFO:colcon.colcon_core.shell:Creating environment hook '/workspaces/ros2-devcontainer-example-ws/install/ros2_shared/share/ros2_shared/hook/cmake_prefix_path.ps1'
[0.718s] INFO:colcon.colcon_core.shell:Creating environment descriptor '/workspaces/ros2-devcontainer-example-ws/install/ros2_shared/share/ros2_shared/hook/cmake_prefix_path.dsv'
[0.719s] INFO:colcon.colcon_core.shell:Creating environment hook '/workspaces/ros2-devcontainer-example-ws/install/ros2_shared/share/ros2_shared/hook/cmake_prefix_path.sh'
[0.719s] Level 1:colcon.colcon_core.environment:checking '/workspaces/ros2-devcontainer-example-ws/install/ros2_shared/bin'
[0.720s] Level 1:colcon.colcon_core.environment:checking '/workspaces/ros2-devcontainer-example-ws/install/ros2_shared/lib/pkgconfig/ros2_shared.pc'
[0.720s] Level 1:colcon.colcon_core.environment:checking '/workspaces/ros2-devcontainer-example-ws/install/ros2_shared/lib/python3.12/site-packages'
[0.720s] Level 1:colcon.colcon_core.environment:checking '/workspaces/ros2-devcontainer-example-ws/install/ros2_shared/bin'
[0.721s] INFO:colcon.colcon_core.shell:Creating package script '/workspaces/ros2-devcontainer-example-ws/install/ros2_shared/share/ros2_shared/package.ps1'
[0.722s] INFO:colcon.colcon_core.shell:Creating package descriptor '/workspaces/ros2-devcontainer-example-ws/install/ros2_shared/share/ros2_shared/package.dsv'
[0.723s] INFO:colcon.colcon_core.shell:Creating package script '/workspaces/ros2-devcontainer-example-ws/install/ros2_shared/share/ros2_shared/package.sh'
[0.724s] INFO:colcon.colcon_core.shell:Creating package script '/workspaces/ros2-devcontainer-example-ws/install/ros2_shared/share/ros2_shared/package.bash'
[0.725s] INFO:colcon.colcon_core.shell:Creating package script '/workspaces/ros2-devcontainer-example-ws/install/ros2_shared/share/ros2_shared/package.zsh'
[0.725s] Level 1:colcon.colcon_core.environment:create_file_with_runtime_dependencies(/workspaces/ros2-devcontainer-example-ws/install/ros2_shared/share/colcon-core/packages/ros2_shared)
[0.726s] INFO:colcon.colcon_ros.task.ament_cmake.build:Building ROS package in '/workspaces/ros2-devcontainer-example-ws/src/gscam2' with build type 'ament_cmake'
[0.727s] INFO:colcon.colcon_cmake.task.cmake.build:Building CMake package in '/workspaces/ros2-devcontainer-example-ws/src/gscam2'
[0.728s] INFO:colcon.colcon_core.shell:Skip shell extension 'powershell' for command environment: Not usable outside of PowerShell
[0.728s] DEBUG:colcon.colcon_core.shell:Skip shell extension 'dsv' for command environment
[0.748s] DEBUG:colcon.colcon_core.event_handler.log_command:Invoking command in '/workspaces/ros2-devcontainer-example-ws/build/gscam2': CMAKE_PREFIX_PATH=/workspaces/ros2-devcontainer-example-ws/install/ros2_shared:/workspaces/ros2-devcontainer-example-ws/install/gscam2:/opt/ros/jazzy/opt/gz_math_vendor:/opt/ros/jazzy/opt/gz_utils_vendor:/opt/ros/jazzy/opt/gz_cmake_vendor:/workspaces/ros2-devcontainer-example-ws/install/radar_reader:/opt/ros/jazzy /usr/bin/cmake --build /workspaces/ros2-devcontainer-example-ws/build/gscam2 -- -j4 -l4
[1.086s] DEBUG:colcon.colcon_core.event_handler.log_command:Invoked command in '/workspaces/ros2-devcontainer-example-ws/build/gscam2' returned '0': CMAKE_PREFIX_PATH=/workspaces/ros2-devcontainer-example-ws/install/ros2_shared:/workspaces/ros2-devcontainer-example-ws/install/gscam2:/opt/ros/jazzy/opt/gz_math_vendor:/opt/ros/jazzy/opt/gz_utils_vendor:/opt/ros/jazzy/opt/gz_cmake_vendor:/workspaces/ros2-devcontainer-example-ws/install/radar_reader:/opt/ros/jazzy /usr/bin/cmake --build /workspaces/ros2-devcontainer-example-ws/build/gscam2 -- -j4 -l4
[1.088s] DEBUG:colcon.colcon_core.event_handler.log_command:Invoking command in '/workspaces/ros2-devcontainer-example-ws/build/gscam2': CMAKE_PREFIX_PATH=/workspaces/ros2-devcontainer-example-ws/install/ros2_shared:/workspaces/ros2-devcontainer-example-ws/install/gscam2:/opt/ros/jazzy/opt/gz_math_vendor:/opt/ros/jazzy/opt/gz_utils_vendor:/opt/ros/jazzy/opt/gz_cmake_vendor:/workspaces/ros2-devcontainer-example-ws/install/radar_reader:/opt/ros/jazzy /usr/bin/cmake --install /workspaces/ros2-devcontainer-example-ws/build/gscam2
[1.116s] Level 1:colcon.colcon_core.environment:create_environment_scripts_only(gscam2)
[1.116s] Level 1:colcon.colcon_core.environment:checking '/workspaces/ros2-devcontainer-example-ws/install/gscam2' for CMake module files
[1.117s] DEBUG:colcon.colcon_core.event_handler.log_command:Invoked command in '/workspaces/ros2-devcontainer-example-ws/build/gscam2' returned '0': CMAKE_PREFIX_PATH=/workspaces/ros2-devcontainer-example-ws/install/ros2_shared:/workspaces/ros2-devcontainer-example-ws/install/gscam2:/opt/ros/jazzy/opt/gz_math_vendor:/opt/ros/jazzy/opt/gz_utils_vendor:/opt/ros/jazzy/opt/gz_cmake_vendor:/workspaces/ros2-devcontainer-example-ws/install/radar_reader:/opt/ros/jazzy /usr/bin/cmake --install /workspaces/ros2-devcontainer-example-ws/build/gscam2
[1.118s] Level 1:colcon.colcon_core.environment:checking '/workspaces/ros2-devcontainer-example-ws/install/gscam2' for CMake config files
[1.119s] Level 1:colcon.colcon_core.shell:create_environment_hook('gscam2', 'cmake_prefix_path')
[1.119s] INFO:colcon.colcon_core.shell:Creating environment hook '/workspaces/ros2-devcontainer-example-ws/install/gscam2/share/gscam2/hook/cmake_prefix_path.ps1'
[1.122s] INFO:colcon.colcon_core.shell:Creating environment descriptor '/workspaces/ros2-devcontainer-example-ws/install/gscam2/share/gscam2/hook/cmake_prefix_path.dsv'
[1.124s] INFO:colcon.colcon_core.shell:Creating environment hook '/workspaces/ros2-devcontainer-example-ws/install/gscam2/share/gscam2/hook/cmake_prefix_path.sh'
[1.126s] Level 1:colcon.colcon_core.environment:checking '/workspaces/ros2-devcontainer-example-ws/install/gscam2/lib'
[1.127s] Level 1:colcon.colcon_core.shell:create_environment_hook('gscam2', 'ld_library_path_lib')
[1.128s] INFO:colcon.colcon_core.shell:Creating environment hook '/workspaces/ros2-devcontainer-example-ws/install/gscam2/share/gscam2/hook/ld_library_path_lib.ps1'
[1.129s] INFO:colcon.colcon_core.shell:Creating environment descriptor '/workspaces/ros2-devcontainer-example-ws/install/gscam2/share/gscam2/hook/ld_library_path_lib.dsv'
[1.130s] INFO:colcon.colcon_core.shell:Creating environment hook '/workspaces/ros2-devcontainer-example-ws/install/gscam2/share/gscam2/hook/ld_library_path_lib.sh'
[1.131s] Level 1:colcon.colcon_core.environment:checking '/workspaces/ros2-devcontainer-example-ws/install/gscam2/bin'
[1.132s] Level 1:colcon.colcon_core.environment:checking '/workspaces/ros2-devcontainer-example-ws/install/gscam2/lib/pkgconfig/gscam2.pc'
[1.132s] Level 1:colcon.colcon_core.environment:checking '/workspaces/ros2-devcontainer-example-ws/install/gscam2/lib/python3.12/site-packages'
[1.133s] Level 1:colcon.colcon_core.environment:checking '/workspaces/ros2-devcontainer-example-ws/install/gscam2/bin'
[1.134s] INFO:colcon.colcon_core.shell:Creating package script '/workspaces/ros2-devcontainer-example-ws/install/gscam2/share/gscam2/package.ps1'
[1.135s] INFO:colcon.colcon_core.shell:Creating package descriptor '/workspaces/ros2-devcontainer-example-ws/install/gscam2/share/gscam2/package.dsv'
[1.136s] INFO:colcon.colcon_core.shell:Creating package script '/workspaces/ros2-devcontainer-example-ws/install/gscam2/share/gscam2/package.sh'
[1.136s] INFO:colcon.colcon_core.shell:Creating package script '/workspaces/ros2-devcontainer-example-ws/install/gscam2/share/gscam2/package.bash'
[1.137s] INFO:colcon.colcon_core.shell:Creating package script '/workspaces/ros2-devcontainer-example-ws/install/gscam2/share/gscam2/package.zsh'
[1.137s] Level 1:colcon.colcon_core.environment:create_file_with_runtime_dependencies(/workspaces/ros2-devcontainer-example-ws/install/gscam2/share/colcon-core/packages/gscam2)
[1.138s] Level 1:colcon.colcon_core.environment:create_environment_scripts_only(gscam2)
[1.138s] Level 1:colcon.colcon_core.environment:checking '/workspaces/ros2-devcontainer-example-ws/install/gscam2' for CMake module files
[1.139s] Level 1:colcon.colcon_core.environment:checking '/workspaces/ros2-devcontainer-example-ws/install/gscam2' for CMake config files
[1.139s] Level 1:colcon.colcon_core.shell:create_environment_hook('gscam2', 'cmake_prefix_path')
[1.139s] INFO:colcon.colcon_core.shell:Creating environment hook '/workspaces/ros2-devcontainer-example-ws/install/gscam2/share/gscam2/hook/cmake_prefix_path.ps1'
[1.140s] INFO:colcon.colcon_core.shell:Creating environment descriptor '/workspaces/ros2-devcontainer-example-ws/install/gscam2/share/gscam2/hook/cmake_prefix_path.dsv'
[1.140s] INFO:colcon.colcon_core.shell:Creating environment hook '/workspaces/ros2-devcontainer-example-ws/install/gscam2/share/gscam2/hook/cmake_prefix_path.sh'
[1.141s] Level 1:colcon.colcon_core.environment:checking '/workspaces/ros2-devcontainer-example-ws/install/gscam2/lib'
[1.141s] Level 1:colcon.colcon_core.shell:create_environment_hook('gscam2', 'ld_library_path_lib')
[1.142s] INFO:colcon.colcon_core.shell:Creating environment hook '/workspaces/ros2-devcontainer-example-ws/install/gscam2/share/gscam2/hook/ld_library_path_lib.ps1'
[1.142s] INFO:colcon.colcon_core.shell:Creating environment descriptor '/workspaces/ros2-devcontainer-example-ws/install/gscam2/share/gscam2/hook/ld_library_path_lib.dsv'
[1.143s] INFO:colcon.colcon_core.shell:Creating environment hook '/workspaces/ros2-devcontainer-example-ws/install/gscam2/share/gscam2/hook/ld_library_path_lib.sh'
[1.143s] Level 1:colcon.colcon_core.environment:checking '/workspaces/ros2-devcontainer-example-ws/install/gscam2/bin'
[1.144s] Level 1:colcon.colcon_core.environment:checking '/workspaces/ros2-devcontainer-example-ws/install/gscam2/lib/pkgconfig/gscam2.pc'
[1.144s] Level 1:colcon.colcon_core.environment:checking '/workspaces/ros2-devcontainer-example-ws/install/gscam2/lib/python3.12/site-packages'
[1.144s] Level 1:colcon.colcon_core.environment:checking '/workspaces/ros2-devcontainer-example-ws/install/gscam2/bin'
[1.145s] INFO:colcon.colcon_core.shell:Creating package script '/workspaces/ros2-devcontainer-example-ws/install/gscam2/share/gscam2/package.ps1'
[1.145s] INFO:colcon.colcon_core.shell:Creating package descriptor '/workspaces/ros2-devcontainer-example-ws/install/gscam2/share/gscam2/package.dsv'
[1.146s] INFO:colcon.colcon_core.shell:Creating package script '/workspaces/ros2-devcontainer-example-ws/install/gscam2/share/gscam2/package.sh'
[1.147s] INFO:colcon.colcon_core.shell:Creating package script '/workspaces/ros2-devcontainer-example-ws/install/gscam2/share/gscam2/package.bash'
[1.147s] INFO:colcon.colcon_core.shell:Creating package script '/workspaces/ros2-devcontainer-example-ws/install/gscam2/share/gscam2/package.zsh'
[1.148s] Level 1:colcon.colcon_core.environment:create_file_with_runtime_dependencies(/workspaces/ros2-devcontainer-example-ws/install/gscam2/share/colcon-core/packages/gscam2)
[1.754s] DEBUG:colcon.colcon_core.event_handler.log_command:Invoking command in '/workspaces/ros2-devcontainer-example-ws/src/radar_reader': PYTHONPATH=/workspaces/ros2-devcontainer-example-ws/build/radar_reader/prefix_override:/usr/lib/python3/dist-packages/colcon_core/task/python/colcon_distutils_commands:/workspaces/ros2-devcontainer-example-ws/install/radar_reader/lib/python3.12/site-packages:${PYTHONPATH} /usr/bin/python3 -W ignore:setup.py install is deprecated -W ignore:easy_install command is deprecated setup.py egg_info --egg-base ../../build/radar_reader build --build-base /workspaces/ros2-devcontainer-example-ws/build/radar_reader/build install --record /workspaces/ros2-devcontainer-example-ws/build/radar_reader/install.log --single-version-externally-managed install_data
[2.565s] Level 1:colcon.colcon_core.environment:checking '/workspaces/ros2-devcontainer-example-ws/install/radar_reader' for CMake module files
[2.566s] DEBUG:colcon.colcon_core.event_handler.log_command:Invoked command in '/workspaces/ros2-devcontainer-example-ws/src/radar_reader' returned '0': PYTHONPATH=/workspaces/ros2-devcontainer-example-ws/build/radar_reader/prefix_override:/usr/lib/python3/dist-packages/colcon_core/task/python/colcon_distutils_commands:/workspaces/ros2-devcontainer-example-ws/install/radar_reader/lib/python3.12/site-packages:${PYTHONPATH} /usr/bin/python3 -W ignore:setup.py install is deprecated -W ignore:easy_install command is deprecated setup.py egg_info --egg-base ../../build/radar_reader build --build-base /workspaces/ros2-devcontainer-example-ws/build/radar_reader/build install --record /workspaces/ros2-devcontainer-example-ws/build/radar_reader/install.log --single-version-externally-managed install_data
[2.566s] Level 1:colcon.colcon_core.environment:checking '/workspaces/ros2-devcontainer-example-ws/install/radar_reader' for CMake config files
[2.567s] Level 1:colcon.colcon_core.environment:checking '/workspaces/ros2-devcontainer-example-ws/install/radar_reader/lib'
[2.567s] Level 1:colcon.colcon_core.environment:checking '/workspaces/ros2-devcontainer-example-ws/install/radar_reader/bin'
[2.567s] Level 1:colcon.colcon_core.environment:checking '/workspaces/ros2-devcontainer-example-ws/install/radar_reader/lib/pkgconfig/radar_reader.pc'
[2.567s] Level 1:colcon.colcon_core.environment:checking '/workspaces/ros2-devcontainer-example-ws/install/radar_reader/lib/python3.12/site-packages'
[2.568s] Level 1:colcon.colcon_core.shell:create_environment_hook('radar_reader', 'pythonpath')
[2.568s] INFO:colcon.colcon_core.shell:Creating environment hook '/workspaces/ros2-devcontainer-example-ws/install/radar_reader/share/radar_reader/hook/pythonpath.ps1'
[2.568s] INFO:colcon.colcon_core.shell:Creating environment descriptor '/workspaces/ros2-devcontainer-example-ws/install/radar_reader/share/radar_reader/hook/pythonpath.dsv'
[2.569s] INFO:colcon.colcon_core.shell:Creating environment hook '/workspaces/ros2-devcontainer-example-ws/install/radar_reader/share/radar_reader/hook/pythonpath.sh'
[2.570s] Level 1:colcon.colcon_core.environment:checking '/workspaces/ros2-devcontainer-example-ws/install/radar_reader/bin'
[2.570s] Level 1:colcon.colcon_core.environment:create_environment_scripts_only(radar_reader)
[2.570s] INFO:colcon.colcon_core.shell:Creating package script '/workspaces/ros2-devcontainer-example-ws/install/radar_reader/share/radar_reader/package.ps1'
[2.571s] INFO:colcon.colcon_core.shell:Creating package descriptor '/workspaces/ros2-devcontainer-example-ws/install/radar_reader/share/radar_reader/package.dsv'
[2.572s] INFO:colcon.colcon_core.shell:Creating package script '/workspaces/ros2-devcontainer-example-ws/install/radar_reader/share/radar_reader/package.sh'
[2.572s] INFO:colcon.colcon_core.shell:Creating package script '/workspaces/ros2-devcontainer-example-ws/install/radar_reader/share/radar_reader/package.bash'
[2.573s] INFO:colcon.colcon_core.shell:Creating package script '/workspaces/ros2-devcontainer-example-ws/install/radar_reader/share/radar_reader/package.zsh'
[2.573s] Level 1:colcon.colcon_core.environment:create_file_with_runtime_dependencies(/workspaces/ros2-devcontainer-example-ws/install/radar_reader/share/colcon-core/packages/radar_reader)
[2.573s] DEBUG:colcon.colcon_parallel_executor.executor.parallel:closing loop
[2.574s] DEBUG:colcon.colcon_parallel_executor.executor.parallel:loop closed
[2.574s] DEBUG:colcon.colcon_parallel_executor.executor.parallel:run_until_complete finished with '0'
[2.574s] DEBUG:colcon.colcon_core.event_reactor:joining thread
[2.584s] INFO:colcon.colcon_core.plugin_system:Skipping extension 'colcon_notification.desktop_notification.notify_send': Could not find 'notify-send'
[2.584s] INFO:colcon.colcon_core.plugin_system:Skipping extension 'colcon_notification.desktop_notification.terminal_notifier': Not used on non-Darwin systems
[2.584s] INFO:colcon.colcon_core.plugin_system:Skipping extension 'colcon_notification.desktop_notification.win32': Not used on non-Windows systems
[2.585s] INFO:colcon.colcon_notification.desktop_notification:Sending desktop notification using 'notify2'
[2.588s] DEBUG:colcon.colcon_notification.desktop_notification.notify2:Failed to initialize notify2: org.freedesktop.DBus.Error.Spawn.ExecFailed: /usr/bin/dbus-launch terminated abnormally without any error message
[2.588s] DEBUG:colcon.colcon_core.event_reactor:joined thread
[2.589s] INFO:colcon.colcon_core.shell:Creating prefix script '/workspaces/ros2-devcontainer-example-ws/install/local_setup.ps1'
[2.591s] INFO:colcon.colcon_core.shell:Creating prefix util module '/workspaces/ros2-devcontainer-example-ws/install/_local_setup_util_ps1.py'
[2.594s] INFO:colcon.colcon_core.shell:Creating prefix chain script '/workspaces/ros2-devcontainer-example-ws/install/setup.ps1'
[2.597s] INFO:colcon.colcon_core.shell:Creating prefix script '/workspaces/ros2-devcontainer-example-ws/install/local_setup.sh'
[2.599s] INFO:colcon.colcon_core.shell:Creating prefix util module '/workspaces/ros2-devcontainer-example-ws/install/_local_setup_util_sh.py'
[2.601s] INFO:colcon.colcon_core.shell:Creating prefix chain script '/workspaces/ros2-devcontainer-example-ws/install/setup.sh'
[2.602s] INFO:colcon.colcon_core.shell:Creating prefix script '/workspaces/ros2-devcontainer-example-ws/install/local_setup.bash'
[2.603s] INFO:colcon.colcon_core.shell:Creating prefix chain script '/workspaces/ros2-devcontainer-example-ws/install/setup.bash'
[2.605s] INFO:colcon.colcon_core.shell:Creating prefix script '/workspaces/ros2-devcontainer-example-ws/install/local_setup.zsh'
[2.605s] INFO:colcon.colcon_core.shell:Creating prefix chain script '/workspaces/ros2-devcontainer-example-ws/install/setup.zsh'
